{"C:\\Users\\Asus\\Downloads\\Arena Intelligence\\src\\routeTree.gen.ts": {"path":"C:\\Users\\Asus\\Downloads\\Arena Intelligence\\src\\routeTree.gen.ts","statementMap":{"0":{"start":{"line":24,"column":24},"end":{"line":28,"column":null}},"1":{"start":{"line":27,"column":24},"end":{"line":27,"column":null}},"2":{"start":{"line":29,"column":22},"end":{"line":33,"column":null}},"3":{"start":{"line":32,"column":24},"end":{"line":32,"column":null}},"4":{"start":{"line":34,"column":19},"end":{"line":38,"column":null}},"5":{"start":{"line":37,"column":24},"end":{"line":37,"column":null}},"6":{"start":{"line":39,"column":17},"end":{"line":43,"column":null}},"7":{"start":{"line":42,"column":24},"end":{"line":42,"column":null}},"8":{"start":{"line":44,"column":23},"end":{"line":48,"column":null}},"9":{"start":{"line":47,"column":24},"end":{"line":47,"column":null}},"10":{"start":{"line":49,"column":19},"end":{"line":53,"column":null}},"11":{"start":{"line":52,"column":24},"end":{"line":52,"column":null}},"12":{"start":{"line":54,"column":23},"end":{"line":58,"column":null}},"13":{"start":{"line":57,"column":24},"end":{"line":57,"column":null}},"14":{"start":{"line":59,"column":19},"end":{"line":63,"column":null}},"15":{"start":{"line":62,"column":24},"end":{"line":62,"column":null}},"16":{"start":{"line":64,"column":19},"end":{"line":68,"column":null}},"17":{"start":{"line":67,"column":24},"end":{"line":67,"column":null}},"18":{"start":{"line":69,"column":24},"end":{"line":73,"column":null}},"19":{"start":{"line":72,"column":24},"end":{"line":72,"column":null}},"20":{"start":{"line":74,"column":25},"end":{"line":78,"column":null}},"21":{"start":{"line":77,"column":24},"end":{"line":77,"column":null}},"22":{"start":{"line":261,"column":43},"end":{"line":264,"column":null}},"23":{"start":{"line":266,"column":29},"end":{"line":266,"column":null}},"24":{"start":{"line":268,"column":45},"end":{"line":278,"column":null}},"25":{"start":{"line":279,"column":25},"end":{"line":281,"column":null}}},"fnMap":{"0":{"name":"(anonymous_0)","decl":{"start":{"line":27,"column":2},"end":{"line":27,"column":24}},"loc":{"start":{"line":27,"column":24},"end":{"line":27,"column":null}},"line":27},"1":{"name":"(anonymous_1)","decl":{"start":{"line":32,"column":2},"end":{"line":32,"column":24}},"loc":{"start":{"line":32,"column":24},"end":{"line":32,"column":null}},"line":32},"2":{"name":"(anonymous_2)","decl":{"start":{"line":37,"column":2},"end":{"line":37,"column":24}},"loc":{"start":{"line":37,"column":24},"end":{"line":37,"column":null}},"line":37},"3":{"name":"(anonymous_3)","decl":{"start":{"line":42,"column":2},"end":{"line":42,"column":24}},"loc":{"start":{"line":42,"column":24},"end":{"line":42,"column":null}},"line":42},"4":{"name":"(anonymous_4)","decl":{"start":{"line":47,"column":2},"end":{"line":47,"column":24}},"loc":{"start":{"line":47,"column":24},"end":{"line":47,"column":null}},"line":47},"5":{"name":"(anonymous_5)","decl":{"start":{"line":52,"column":2},"end":{"line":52,"column":24}},"loc":{"start":{"line":52,"column":24},"end":{"line":52,"column":null}},"line":52},"6":{"name":"(anonymous_6)","decl":{"start":{"line":57,"column":2},"end":{"line":57,"column":24}},"loc":{"start":{"line":57,"column":24},"end":{"line":57,"column":null}},"line":57},"7":{"name":"(anonymous_7)","decl":{"start":{"line":62,"column":2},"end":{"line":62,"column":24}},"loc":{"start":{"line":62,"column":24},"end":{"line":62,"column":null}},"line":62},"8":{"name":"(anonymous_8)","decl":{"start":{"line":67,"column":2},"end":{"line":67,"column":24}},"loc":{"start":{"line":67,"column":24},"end":{"line":67,"column":null}},"line":67},"9":{"name":"(anonymous_9)","decl":{"start":{"line":72,"column":2},"end":{"line":72,"column":24}},"loc":{"start":{"line":72,"column":24},"end":{"line":72,"column":null}},"line":72},"10":{"name":"(anonymous_10)","decl":{"start":{"line":77,"column":2},"end":{"line":77,"column":24}},"loc":{"start":{"line":77,"column":24},"end":{"line":77,"column":null}},"line":77}},"branchMap":{},"s":{"0":0,"1":0,"2":0,"3":0,"4":0,"5":0,"6":0,"7":0,"8":0,"9":0,"10":0,"11":0,"12":0,"13":0,"14":0,"15":0,"16":0,"17":0,"18":0,"19":0,"20":0,"21":0,"22":0,"23":0,"24":0,"25":0},"f":{"0":0,"1":0,"2":0,"3":0,"4":0,"5":0,"6":0,"7":0,"8":0,"9":0,"10":0},"b":{},"meta":{"lastBranch":0,"lastFunction":11,"lastStatement":26,"seen":{"s:24:24:28:Infinity":0,"f:27:2:27:24":0,"s:27:24:27:Infinity":1,"s:29:22:33:Infinity":2,"f:32:2:32:24":1,"s:32:24:32:Infinity":3,"s:34:19:38:Infinity":4,"f:37:2:37:24":2,"s:37:24:37:Infinity":5,"s:39:17:43:Infinity":6,"f:42:2:42:24":3,"s:42:24:42:Infinity":7,"s:44:23:48:Infinity":8,"f:47:2:47:24":4,"s:47:24:47:Infinity":9,"s:49:19:53:Infinity":10,"f:52:2:52:24":5,"s:52:24:52:Infinity":11,"s:54:23:58:Infinity":12,"f:57:2:57:24":6,"s:57:24:57:Infinity":13,"s:59:19:63:Infinity":14,"f:62:2:62:24":7,"s:62:24:62:Infinity":15,"s:64:19:68:Infinity":16,"f:67:2:67:24":8,"s:67:24:67:Infinity":17,"s:69:24:73:Infinity":18,"f:72:2:72:24":9,"s:72:24:72:Infinity":19,"s:74:25:78:Infinity":20,"f:77:2:77:24":10,"s:77:24:77:Infinity":21,"s:261:43:264:Infinity":22,"s:266:29:266:Infinity":23,"s:268:45:278:Infinity":24,"s:279:25:281:Infinity":25},"fnNames":{}}}
,"C:\\Users\\Asus\\Downloads\\Arena Intelligence\\src\\router.tsx": {"path":"C:\\Users\\Asus\\Downloads\\Arena Intelligence\\src\\router.tsx","statementMap":{"0":{"start":{"line":5,"column":13},"end":{"line":16,"column":null}},"1":{"start":{"line":6,"column":22},"end":{"line":6,"column":null}},"2":{"start":{"line":8,"column":8},"end":{"line":13,"column":null}},"3":{"start":{"line":15,"column":2},"end":{"line":15,"column":null}}},"fnMap":{"0":{"name":"(anonymous_0)","decl":{"start":{"line":5,"column":13},"end":{"line":5,"column":31}},"loc":{"start":{"line":5,"column":31},"end":{"line":16,"column":null}},"line":5}},"branchMap":{},"s":{"0":0,"1":0,"2":0,"3":0},"f":{"0":0},"b":{},"meta":{"lastBranch":0,"lastFunction":1,"lastStatement":4,"seen":{"s:5:13:16:Infinity":0,"f:5:13:5:31":0,"s:6:22:6:Infinity":1,"s:8:8:13:Infinity":2,"s:15:2:15:Infinity":3},"fnNames":{}}}
,"C:\\Users\\Asus\\Downloads\\Arena Intelligence\\src\\server.ts": {"path":"C:\\Users\\Asus\\Downloads\\Arena Intelligence\\src\\server.ts","statementMap":{"0":{"start":{"line":14,"column":2},"end":{"line":18,"column":null}},"1":{"start":{"line":15,"column":4},"end":{"line":17,"column":null}},"2":{"start":{"line":17,"column":4},"end":{"line":17,"column":null}},"3":{"start":{"line":19,"column":2},"end":{"line":19,"column":null}},"4":{"start":{"line":25,"column":2},"end":{"line":25,"column":null}},"5":{"start":{"line":25,"column":29},"end":{"line":25,"column":null}},"6":{"start":{"line":26,"column":22},"end":{"line":26,"column":null}},"7":{"start":{"line":27,"column":2},"end":{"line":27,"column":null}},"8":{"start":{"line":27,"column":49},"end":{"line":27,"column":null}},"9":{"start":{"line":29,"column":15},"end":{"line":29,"column":null}},"10":{"start":{"line":30,"column":2},"end":{"line":30,"column":null}},"11":{"start":{"line":30,"column":37},"end":{"line":30,"column":null}},"12":{"start":{"line":32,"column":2},"end":{"line":32,"column":null}},"13":{"start":{"line":33,"column":2},"end":{"line":36,"column":null}},"14":{"start":{"line":40,"column":2},"end":{"line":45,"column":null}},"15":{"start":{"line":41,"column":20},"end":{"line":41,"column":null}},"16":{"start":{"line":42,"column":4},"end":{"line":42,"column":null}},"17":{"start":{"line":44,"column":4},"end":{"line":44,"column":null}},"18":{"start":{"line":50,"column":4},"end":{"line":62,"column":null}},"19":{"start":{"line":51,"column":22},"end":{"line":51,"column":null}},"20":{"start":{"line":52,"column":23},"end":{"line":52,"column":null}},"21":{"start":{"line":53,"column":12},"end":{"line":53,"column":null}},"22":{"start":{"line":54,"column":6},"end":{"line":54,"column":null}},"23":{"start":{"line":56,"column":6},"end":{"line":56,"column":null}},"24":{"start":{"line":57,"column":23},"end":{"line":60,"column":null}},"25":{"start":{"line":61,"column":6},"end":{"line":61,"column":null}}},"fnMap":{"0":{"name":"getServerEntry","decl":{"start":{"line":13,"column":15},"end":{"line":13,"column":54}},"loc":{"start":{"line":13,"column":54},"end":{"line":20,"column":null}},"line":13},"1":{"name":"(anonymous_1)","decl":{"start":{"line":17,"column":4},"end":{"line":17,"column":null}},"loc":{"start":{"line":17,"column":4},"end":{"line":17,"column":null}},"line":17},"2":{"name":"normalizeCatastrophicSsrResponse","decl":{"start":{"line":24,"column":15},"end":{"line":24,"column":48}},"loc":{"start":{"line":24,"column":87},"end":{"line":37,"column":null}},"line":24},"3":{"name":"isH3SwallowedErrorBody","decl":{"start":{"line":39,"column":9},"end":{"line":39,"column":32}},"loc":{"start":{"line":39,"column":55},"end":{"line":46,"column":null}},"line":39},"4":{"name":"fetch","decl":{"start":{"line":49,"column":8},"end":{"line":49,"column":14}},"loc":{"start":{"line":49,"column":60},"end":{"line":63,"column":null}},"line":49}},"branchMap":{"0":{"loc":{"start":{"line":14,"column":2},"end":{"line":18,"column":null}},"type":"if","locations":[{"start":{"line":14,"column":2},"end":{"line":18,"column":null}},{"start":{},"end":{}}],"line":14},"1":{"loc":{"start":{"line":17,"column":4},"end":{"line":17,"column":null}},"type":"binary-expr","locations":[{"start":{"line":17,"column":4},"end":{"line":17,"column":null}},{"start":{"line":17,"column":4},"end":{"line":17,"column":null}}],"line":17},"2":{"loc":{"start":{"line":25,"column":2},"end":{"line":25,"column":null}},"type":"if","locations":[{"start":{"line":25,"column":2},"end":{"line":25,"column":null}},{"start":{},"end":{}}],"line":25},"3":{"loc":{"start":{"line":26,"column":22},"end":{"line":26,"column":null}},"type":"binary-expr","locations":[{"start":{"line":26,"column":22},"end":{"line":26,"column":62}},{"start":{"line":26,"column":62},"end":{"line":26,"column":null}}],"line":26},"4":{"loc":{"start":{"line":27,"column":2},"end":{"line":27,"column":null}},"type":"if","locations":[{"start":{"line":27,"column":2},"end":{"line":27,"column":null}},{"start":{},"end":{}}],"line":27},"5":{"loc":{"start":{"line":30,"column":2},"end":{"line":30,"column":null}},"type":"if","locations":[{"start":{"line":30,"column":2},"end":{"line":30,"column":null}},{"start":{},"end":{}}],"line":30},"6":{"loc":{"start":{"line":32,"column":10},"end":{"line":32,"column":90}},"type":"binary-expr","locations":[{"start":{"line":32,"column":10},"end":{"line":32,"column":46}},{"start":{"line":32,"column":46},"end":{"line":32,"column":90}}],"line":32},"7":{"loc":{"start":{"line":42,"column":11},"end":{"line":42,"column":null}},"type":"binary-expr","locations":[{"start":{"line":42,"column":11},"end":{"line":42,"column":41}},{"start":{"line":42,"column":41},"end":{"line":42,"column":null}}],"line":42}},"s":{"0":0,"1":0,"2":0,"3":0,"4":0,"5":0,"6":0,"7":0,"8":0,"9":0,"10":0,"11":0,"12":0,"13":0,"14":0,"15":0,"16":0,"17":0,"18":0,"19":0,"20":0,"21":0,"22":0,"23":0,"24":0,"25":0},"f":{"0":0,"1":0,"2":0,"3":0,"4":0},"b":{"0":[0,0],"1":[0,0],"2":[0,0],"3":[0,0],"4":[0,0],"5":[0,0],"6":[0,0],"7":[0,0]},"meta":{"lastBranch":8,"lastFunction":5,"lastStatement":26,"seen":{"f:13:15:13:54":0,"b:14:2:18:Infinity:undefined:undefined:undefined:undefined":0,"s:14:2:18:Infinity":0,"s:15:4:17:Infinity":1,"f:17:4:17:Infinity":1,"s:17:4:17:Infinity":2,"b:17:4:17:Infinity:17:4:17:Infinity":1,"s:19:2:19:Infinity":3,"f:24:15:24:48":2,"b:25:2:25:Infinity:undefined:undefined:undefined:undefined":2,"s:25:2:25:Infinity":4,"s:25:29:25:Infinity":5,"s:26:22:26:Infinity":6,"b:26:22:26:62:26:62:26:Infinity":3,"b:27:2:27:Infinity:undefined:undefined:undefined:undefined":4,"s:27:2:27:Infinity":7,"s:27:49:27:Infinity":8,"s:29:15:29:Infinity":9,"b:30:2:30:Infinity:undefined:undefined:undefined:undefined":5,"s:30:2:30:Infinity":10,"s:30:37:30:Infinity":11,"s:32:2:32:Infinity":12,"b:32:10:32:46:32:46:32:90":6,"s:33:2:36:Infinity":13,"f:39:9:39:32":3,"s:40:2:45:Infinity":14,"s:41:20:41:Infinity":15,"s:42:4:42:Infinity":16,"b:42:11:42:41:42:41:42:Infinity":7,"s:44:4:44:Infinity":17,"f:49:8:49:14":4,"s:50:4:62:Infinity":18,"s:51:22:51:Infinity":19,"s:52:23:52:Infinity":20,"s:53:12:53:Infinity":21,"s:54:6:54:Infinity":22,"s:56:6:56:Infinity":23,"s:57:23:60:Infinity":24,"s:61:6:61:Infinity":25},"fnNames":{}}}
,"C:\\Users\\Asus\\Downloads\\Arena Intelligence\\src\\start.ts": {"path":"C:\\Users\\Asus\\Downloads\\Arena Intelligence\\src\\start.ts","statementMap":{"0":{"start":{"line":6,"column":6},"end":{"line":20,"column":null}},"1":{"start":{"line":7,"column":2},"end":{"line":19,"column":null}},"2":{"start":{"line":8,"column":21},"end":{"line":8,"column":null}},"3":{"start":{"line":9,"column":4},"end":{"line":9,"column":null}},"4":{"start":{"line":11,"column":4},"end":{"line":13,"column":null}},"5":{"start":{"line":12,"column":6},"end":{"line":12,"column":null}},"6":{"start":{"line":14,"column":4},"end":{"line":14,"column":null}},"7":{"start":{"line":15,"column":4},"end":{"line":18,"column":null}},"8":{"start":{"line":22,"column":13},"end":{"line":24,"column":null}},"9":{"start":{"line":22,"column":48},"end":{"line":24,"column":2}}},"fnMap":{"0":{"name":"(anonymous_0)","decl":{"start":{"line":6,"column":50},"end":{"line":6,"column":57}},"loc":{"start":{"line":6,"column":70},"end":{"line":20,"column":1}},"line":6},"1":{"name":"(anonymous_1)","decl":{"start":{"line":22,"column":29},"end":{"line":22,"column":48}},"loc":{"start":{"line":22,"column":48},"end":{"line":24,"column":2}},"line":22}},"branchMap":{"0":{"loc":{"start":{"line":11,"column":4},"end":{"line":13,"column":null}},"type":"if","locations":[{"start":{"line":11,"column":4},"end":{"line":13,"column":null}},{"start":{},"end":{}}],"line":11},"1":{"loc":{"start":{"line":11,"column":8},"end":{"line":11,"column":77}},"type":"binary-expr","locations":[{"start":{"line":11,"column":8},"end":{"line":11,"column":25}},{"start":{"line":11,"column":25},"end":{"line":11,"column":54}},{"start":{"line":11,"column":54},"end":{"line":11,"column":77}}],"line":11}},"s":{"0":0,"1":0,"2":0,"3":0,"4":0,"5":0,"6":0,"7":0,"8":0,"9":0},"f":{"0":0,"1":0},"b":{"0":[0,0],"1":[0,0,0]},"meta":{"lastBranch":2,"lastFunction":2,"lastStatement":10,"seen":{"s:6:6:20:Infinity":0,"f:6:50:6:57":0,"s:7:2:19:Infinity":1,"s:8:21:8:Infinity":2,"s:9:4:9:Infinity":3,"b:11:4:13:Infinity:undefined:undefined:undefined:undefined":0,"s:11:4:13:Infinity":4,"b:11:8:11:25:11:25:11:54:11:54:11:77":1,"s:12:6:12:Infinity":5,"s:14:4:14:Infinity":6,"s:15:4:18:Infinity":7,"s:22:13:24:Infinity":8,"f:22:29:22:48":1,"s:22:48:24:2":9},"fnNames":{}}}
,"C:\\Users\\Asus\\Downloads\\Arena Intelligence\\src\\actions\\chat.server.ts": {"path":"C:\\Users\\Asus\\Downloads\\Arena Intelligence\\src\\actions\\chat.server.ts","statementMap":{"0":{"start":{"line":7,"column":21},"end":{"line":7,"column":null}},"1":{"start":{"line":10,"column":14},"end":{"line":10,"column":null}},"2":{"start":{"line":11,"column":16},"end":{"line":11,"column":null}},"3":{"start":{"line":12,"column":19},"end":{"line":12,"column":null}},"4":{"start":{"line":14,"column":17},"end":{"line":14,"column":null}},"5":{"start":{"line":15,"column":2},"end":{"line":18,"column":null}},"6":{"start":{"line":16,"column":4},"end":{"line":16,"column":null}},"7":{"start":{"line":17,"column":4},"end":{"line":17,"column":null}},"8":{"start":{"line":20,"column":2},"end":{"line":20,"column":null}},"9":{"start":{"line":20,"column":29},"end":{"line":20,"column":null}},"10":{"start":{"line":22,"column":2},"end":{"line":22,"column":null}},"11":{"start":{"line":23,"column":2},"end":{"line":23,"column":null}},"12":{"start":{"line":24,"column":2},"end":{"line":24,"column":null}},"13":{"start":{"line":27,"column":23},"end":{"line":27,"column":null}},"14":{"start":{"line":28,"column":21},"end":{"line":28,"column":null}},"15":{"start":{"line":29,"column":20},"end":{"line":29,"column":null}},"16":{"start":{"line":30,"column":19},"end":{"line":30,"column":null}},"17":{"start":{"line":31,"column":14},"end":{"line":31,"column":null}},"18":{"start":{"line":33,"column":23},"end":{"line":33,"column":null}},"19":{"start":{"line":35,"column":2},"end":{"line":35,"column":null}},"20":{"start":{"line":35,"column":19},"end":{"line":35,"column":null}},"21":{"start":{"line":36,"column":20},"end":{"line":36,"column":null}},"22":{"start":{"line":37,"column":2},"end":{"line":37,"column":null}},"23":{"start":{"line":37,"column":33},"end":{"line":37,"column":null}},"24":{"start":{"line":38,"column":2},"end":{"line":38,"column":null}},"25":{"start":{"line":39,"column":2},"end":{"line":39,"column":null}},"26":{"start":{"line":43,"column":12},"end":{"line":43,"column":15}},"27":{"start":{"line":43,"column":23},"end":{"line":43,"column":26}},"28":{"start":{"line":43,"column":34},"end":{"line":43,"column":null}},"29":{"start":{"line":44,"column":2},"end":{"line":48,"column":null}},"30":{"start":{"line":44,"column":15},"end":{"line":44,"column":18}},"31":{"start":{"line":45,"column":4},"end":{"line":45,"column":null}},"32":{"start":{"line":46,"column":4},"end":{"line":46,"column":null}},"33":{"start":{"line":47,"column":4},"end":{"line":47,"column":null}},"34":{"start":{"line":49,"column":2},"end":{"line":49,"column":null}},"35":{"start":{"line":53,"column":14},"end":{"line":63,"column":null}},"36":{"start":{"line":64,"column":2},"end":{"line":64,"column":null}},"37":{"start":{"line":64,"column":15},"end":{"line":64,"column":null}},"38":{"start":{"line":65,"column":15},"end":{"line":65,"column":null}},"39":{"start":{"line":66,"column":2},"end":{"line":66,"column":null}},"40":{"start":{"line":70,"column":17},"end":{"line":73,"column":null}},"41":{"start":{"line":70,"column":39},"end":{"line":73,"column":4}},"42":{"start":{"line":74,"column":2},"end":{"line":74,"column":null}},"43":{"start":{"line":74,"column":24},"end":{"line":74,"column":41}},"44":{"start":{"line":75,"column":2},"end":{"line":75,"column":null}},"45":{"start":{"line":79,"column":23},"end":{"line":92,"column":null}},"46":{"start":{"line":94,"column":14},"end":{"line":109,"column":null}},"47":{"start":{"line":111,"column":2},"end":{"line":111,"column":null}},"48":{"start":{"line":111,"column":15},"end":{"line":111,"column":null}},"49":{"start":{"line":112,"column":15},"end":{"line":112,"column":null}},"50":{"start":{"line":113,"column":2},"end":{"line":113,"column":null}},"51":{"start":{"line":116,"column":13},"end":{"line":156,"column":null}},"52":{"start":{"line":117,"column":82},"end":{"line":117,"column":86}},"53":{"start":{"line":119,"column":46},"end":{"line":119,"column":null}},"54":{"start":{"line":120,"column":4},"end":{"line":122,"column":null}},"55":{"start":{"line":121,"column":6},"end":{"line":121,"column":null}},"56":{"start":{"line":125,"column":15},"end":{"line":125,"column":null}},"57":{"start":{"line":126,"column":4},"end":{"line":128,"column":null}},"58":{"start":{"line":127,"column":6},"end":{"line":127,"column":null}},"59":{"start":{"line":130,"column":10},"end":{"line":130,"column":null}},"60":{"start":{"line":131,"column":4},"end":{"line":133,"column":null}},"61":{"start":{"line":132,"column":6},"end":{"line":132,"column":null}},"62":{"start":{"line":135,"column":18},"end":{"line":135,"column":null}},"63":{"start":{"line":136,"column":24},"end":{"line":136,"column":null}},"64":{"start":{"line":137,"column":27},"end":{"line":137,"column":null}},"65":{"start":{"line":139,"column":4},"end":{"line":145,"column":null}},"66":{"start":{"line":140,"column":26},"end":{"line":140,"column":null}},"67":{"start":{"line":141,"column":6},"end":{"line":141,"column":null}},"68":{"start":{"line":142,"column":6},"end":{"line":142,"column":null}},"69":{"start":{"line":142,"column":43},"end":{"line":142,"column":56}},"70":{"start":{"line":144,"column":6},"end":{"line":144,"column":null}},"71":{"start":{"line":147,"column":10},"end":{"line":147,"column":null}},"72":{"start":{"line":148,"column":10},"end":{"line":148,"column":null}},"73":{"start":{"line":150,"column":19},"end":{"line":150,"column":null}},"74":{"start":{"line":152,"column":4},"end":{"line":155,"column":null}},"75":{"start":{"line":154,"column":37},"end":{"line":154,"column":103}}},"fnMap":{"0":{"name":"checkServerRateLimit","decl":{"start":{"line":9,"column":9},"end":{"line":9,"column":30}},"loc":{"start":{"line":9,"column":51},"end":{"line":25,"column":null}},"line":9},"1":{"name":"loadIndex","decl":{"start":{"line":34,"column":9},"end":{"line":34,"column":21}},"loc":{"start":{"line":34,"column":21},"end":{"line":40,"column":null}},"line":34},"2":{"name":"cosineSimilarity","decl":{"start":{"line":42,"column":9},"end":{"line":42,"column":26}},"loc":{"start":{"line":42,"column":52},"end":{"line":50,"column":null}},"line":42},"3":{"name":"embedQuery","decl":{"start":{"line":52,"column":15},"end":{"line":52,"column":26}},"loc":{"start":{"line":52,"column":40},"end":{"line":67,"column":null}},"line":52},"4":{"name":"retrieveTopChunks","decl":{"start":{"line":69,"column":9},"end":{"line":69,"column":27}},"loc":{"start":{"line":69,"column":75},"end":{"line":76,"column":null}},"line":69},"5":{"name":"(anonymous_5)","decl":{"start":{"line":70,"column":23},"end":{"line":70,"column":28}},"loc":{"start":{"line":70,"column":39},"end":{"line":73,"column":4}},"line":70},"6":{"name":"(anonymous_6)","decl":{"start":{"line":74,"column":9},"end":{"line":74,"column":15}},"loc":{"start":{"line":74,"column":24},"end":{"line":74,"column":41}},"line":74},"7":{"name":"askGroq","decl":{"start":{"line":78,"column":15},"end":{"line":78,"column":23}},"loc":{"start":{"line":78,"column":120},"end":{"line":114,"column":null}},"line":78},"8":{"name":"(anonymous_8)","decl":{"start":{"line":117,"column":3},"end":{"line":117,"column":14}},"loc":{"start":{"line":117,"column":82},"end":{"line":117,"column":86}},"line":117},"9":{"name":"(anonymous_9)","decl":{"start":{"line":118,"column":11},"end":{"line":118,"column":18}},"loc":{"start":{"line":118,"column":31},"end":{"line":156,"column":3}},"line":118},"10":{"name":"(anonymous_10)","decl":{"start":{"line":142,"column":32},"end":{"line":142,"column":37}},"loc":{"start":{"line":142,"column":43},"end":{"line":142,"column":56}},"line":142},"11":{"name":"(anonymous_11)","decl":{"start":{"line":154,"column":25},"end":{"line":154,"column":30}},"loc":{"start":{"line":154,"column":37},"end":{"line":154,"column":103}},"line":154}},"branchMap":{"0":{"loc":{"start":{"line":15,"column":2},"end":{"line":18,"column":null}},"type":"if","locations":[{"start":{"line":15,"column":2},"end":{"line":18,"column":null}},{"start":{},"end":{}}],"line":15},"1":{"loc":{"start":{"line":15,"column":6},"end":{"line":15,"column":40}},"type":"binary-expr","locations":[{"start":{"line":15,"column":6},"end":{"line":15,"column":17}},{"start":{"line":15,"column":17},"end":{"line":15,"column":40}}],"line":15},"2":{"loc":{"start":{"line":20,"column":2},"end":{"line":20,"column":null}},"type":"if","locations":[{"start":{"line":20,"column":2},"end":{"line":20,"column":null}},{"start":{},"end":{}}],"line":20},"3":{"loc":{"start":{"line":35,"column":2},"end":{"line":35,"column":null}},"type":"if","locations":[{"start":{"line":35,"column":2},"end":{"line":35,"column":null}},{"start":{},"end":{}}],"line":35},"4":{"loc":{"start":{"line":37,"column":2},"end":{"line":37,"column":null}},"type":"if","locations":[{"start":{"line":37,"column":2},"end":{"line":37,"column":null}},{"start":{},"end":{}}],"line":37},"5":{"loc":{"start":{"line":64,"column":2},"end":{"line":64,"column":null}},"type":"if","locations":[{"start":{"line":64,"column":2},"end":{"line":64,"column":null}},{"start":{},"end":{}}],"line":64},"6":{"loc":{"start":{"line":111,"column":2},"end":{"line":111,"column":null}},"type":"if","locations":[{"start":{"line":111,"column":2},"end":{"line":111,"column":null}},{"start":{},"end":{}}],"line":111},"7":{"loc":{"start":{"line":113,"column":9},"end":{"line":113,"column":null}},"type":"binary-expr","locations":[{"start":{"line":113,"column":9},"end":{"line":113,"column":48}},{"start":{"line":113,"column":48},"end":{"line":113,"column":null}}],"line":113},"8":{"loc":{"start":{"line":120,"column":4},"end":{"line":122,"column":null}},"type":"if","locations":[{"start":{"line":120,"column":4},"end":{"line":122,"column":null}},{"start":{},"end":{}}],"line":120},"9":{"loc":{"start":{"line":120,"column":8},"end":{"line":120,"column":49}},"type":"binary-expr","locations":[{"start":{"line":120,"column":8},"end":{"line":120,"column":20}},{"start":{"line":120,"column":20},"end":{"line":120,"column":49}}],"line":120},"10":{"loc":{"start":{"line":126,"column":4},"end":{"line":128,"column":null}},"type":"if","locations":[{"start":{"line":126,"column":4},"end":{"line":128,"column":null}},{"start":{},"end":{}}],"line":126},"11":{"loc":{"start":{"line":131,"column":4},"end":{"line":133,"column":null}},"type":"if","locations":[{"start":{"line":131,"column":4},"end":{"line":133,"column":null}},{"start":{},"end":{}}],"line":131},"12":{"loc":{"start":{"line":139,"column":4},"end":{"line":145,"column":null}},"type":"if","locations":[{"start":{"line":139,"column":4},"end":{"line":145,"column":null}},{"start":{"line":143,"column":11},"end":{"line":145,"column":null}}],"line":139}},"s":{"0":2,"1":0,"2":0,"3":0,"4":0,"5":0,"6":0,"7":0,"8":0,"9":0,"10":0,"11":0,"12":0,"13":2,"14":2,"15":2,"16":2,"17":2,"18":2,"19":0,"20":0,"21":0,"22":0,"23":0,"24":0,"25":0,"26":0,"27":0,"28":0,"29":0,"30":0,"31":0,"32":0,"33":0,"34":0,"35":0,"36":0,"37":0,"38":0,"39":0,"40":0,"41":0,"42":0,"43":0,"44":0,"45":0,"46":0,"47":0,"48":0,"49":0,"50":0,"51":2,"52":0,"53":1,"54":1,"55":1,"56":0,"57":0,"58":0,"59":0,"60":0,"61":0,"62":0,"63":0,"64":0,"65":0,"66":0,"67":0,"68":0,"69":0,"70":0,"71":0,"72":0,"73":0,"74":0,"75":0},"f":{"0":0,"1":0,"2":0,"3":0,"4":0,"5":0,"6":0,"7":0,"8":0,"9":1,"10":0,"11":0},"b":{"0":[0,0],"1":[0,0],"2":[0,0],"3":[0,0],"4":[0,0],"5":[0,0],"6":[0,0],"7":[0,0],"8":[1,0],"9":[1,0],"10":[0,0],"11":[0,0],"12":[0,0]},"meta":{"lastBranch":13,"lastFunction":12,"lastStatement":76,"seen":{"s:7:21:7:Infinity":0,"f:9:9:9:30":0,"s:10:14:10:Infinity":1,"s:11:16:11:Infinity":2,"s:12:19:12:Infinity":3,"s:14:17:14:Infinity":4,"b:15:2:18:Infinity:undefined:undefined:undefined:undefined":0,"s:15:2:18:Infinity":5,"b:15:6:15:17:15:17:15:40":1,"s:16:4:16:Infinity":6,"s:17:4:17:Infinity":7,"b:20:2:20:Infinity:undefined:undefined:undefined:undefined":2,"s:20:2:20:Infinity":8,"s:20:29:20:Infinity":9,"s:22:2:22:Infinity":10,"s:23:2:23:Infinity":11,"s:24:2:24:Infinity":12,"s:27:23:27:Infinity":13,"s:28:21:28:Infinity":14,"s:29:20:29:Infinity":15,"s:30:19:30:Infinity":16,"s:31:14:31:Infinity":17,"s:33:23:33:Infinity":18,"f:34:9:34:21":1,"b:35:2:35:Infinity:undefined:undefined:undefined:undefined":3,"s:35:2:35:Infinity":19,"s:35:19:35:Infinity":20,"s:36:20:36:Infinity":21,"b:37:2:37:Infinity:undefined:undefined:undefined:undefined":4,"s:37:2:37:Infinity":22,"s:37:33:37:Infinity":23,"s:38:2:38:Infinity":24,"s:39:2:39:Infinity":25,"f:42:9:42:26":2,"s:43:12:43:15":26,"s:43:23:43:26":27,"s:43:34:43:Infinity":28,"s:44:2:48:Infinity":29,"s:44:15:44:18":30,"s:45:4:45:Infinity":31,"s:46:4:46:Infinity":32,"s:47:4:47:Infinity":33,"s:49:2:49:Infinity":34,"f:52:15:52:26":3,"s:53:14:63:Infinity":35,"b:64:2:64:Infinity:undefined:undefined:undefined:undefined":5,"s:64:2:64:Infinity":36,"s:64:15:64:Infinity":37,"s:65:15:65:Infinity":38,"s:66:2:66:Infinity":39,"f:69:9:69:27":4,"s:70:17:73:Infinity":40,"f:70:23:70:28":5,"s:70:39:73:4":41,"s:74:2:74:Infinity":42,"f:74:9:74:15":6,"s:74:24:74:41":43,"s:75:2:75:Infinity":44,"f:78:15:78:23":7,"s:79:23:92:Infinity":45,"s:94:14:109:Infinity":46,"b:111:2:111:Infinity:undefined:undefined:undefined:undefined":6,"s:111:2:111:Infinity":47,"s:111:15:111:Infinity":48,"s:112:15:112:Infinity":49,"s:113:2:113:Infinity":50,"b:113:9:113:48:113:48:113:Infinity":7,"s:116:13:156:Infinity":51,"f:117:3:117:14":8,"s:117:82:117:86":52,"f:118:11:118:18":9,"s:119:46:119:Infinity":53,"b:120:4:122:Infinity:undefined:undefined:undefined:undefined":8,"s:120:4:122:Infinity":54,"b:120:8:120:20:120:20:120:49":9,"s:121:6:121:Infinity":55,"s:125:15:125:Infinity":56,"b:126:4:128:Infinity:undefined:undefined:undefined:undefined":10,"s:126:4:128:Infinity":57,"s:127:6:127:Infinity":58,"s:130:10:130:Infinity":59,"b:131:4:133:Infinity:undefined:undefined:undefined:undefined":11,"s:131:4:133:Infinity":60,"s:132:6:132:Infinity":61,"s:135:18:135:Infinity":62,"s:136:24:136:Infinity":63,"s:137:27:137:Infinity":64,"b:139:4:145:Infinity:143:11:145:Infinity":12,"s:139:4:145:Infinity":65,"s:140:26:140:Infinity":66,"s:141:6:141:Infinity":67,"s:142:6:142:Infinity":68,"f:142:32:142:37":10,"s:142:43:142:56":69,"s:144:6:144:Infinity":70,"s:147:10:147:Infinity":71,"s:148:10:148:Infinity":72,"s:150:19:150:Infinity":73,"s:152:4:155:Infinity":74,"f:154:25:154:30":11,"s:154:37:154:103":75},"fnNames":{}}}
,"C:\\Users\\Asus\\Downloads\\Arena Intelligence\\src\\components\\AIAssistant.tsx": {"path":"C:\\Users\\Asus\\Downloads\\Arena Intelligence\\src\\components\\AIAssistant.tsx","statementMap":{"0":{"start":{"line":8,"column":47},"end":{"line":27,"column":null}},"1":{"start":{"line":29,"column":73},"end":{"line":34,"column":null}},"2":{"start":{"line":36,"column":48},"end":{"line":41,"column":null}},"3":{"start":{"line":45,"column":51},"end":{"line":52,"column":null}},"4":{"start":{"line":55,"column":50},"end":{"line":62,"column":null}},"5":{"start":{"line":64,"column":2},"end":{"line":67,"column":null}},"6":{"start":{"line":75,"column":15},"end":{"line":75,"column":null}},"7":{"start":{"line":76,"column":18},"end":{"line":76,"column":null}},"8":{"start":{"line":77,"column":15},"end":{"line":77,"column":null}},"9":{"start":{"line":78,"column":19},"end":{"line":85,"column":null}},"10":{"start":{"line":86,"column":16},"end":{"line":86,"column":null}},"11":{"start":{"line":87,"column":19},"end":{"line":87,"column":null}},"12":{"start":{"line":88,"column":8},"end":{"line":88,"column":null}},"13":{"start":{"line":90,"column":8},"end":{"line":90,"column":null}},"14":{"start":{"line":92,"column":2},"end":{"line":94,"column":null}},"15":{"start":{"line":93,"column":4},"end":{"line":93,"column":null}},"16":{"start":{"line":93,"column":17},"end":{"line":93,"column":null}},"17":{"start":{"line":96,"column":2},"end":{"line":98,"column":null}},"18":{"start":{"line":97,"column":4},"end":{"line":97,"column":null}},"19":{"start":{"line":100,"column":8},"end":{"line":100,"column":null}},"20":{"start":{"line":100,"column":42},"end":{"line":100,"column":64}},"21":{"start":{"line":103,"column":4},"end":{"line":103,"column":null}},"22":{"start":{"line":103,"column":34},"end":{"line":103,"column":null}},"23":{"start":{"line":105,"column":24},"end":{"line":105,"column":null}},"24":{"start":{"line":106,"column":4},"end":{"line":106,"column":null}},"25":{"start":{"line":107,"column":4},"end":{"line":107,"column":null}},"26":{"start":{"line":108,"column":4},"end":{"line":108,"column":null}},"27":{"start":{"line":110,"column":4},"end":{"line":110,"column":null}},"28":{"start":{"line":111,"column":23},"end":{"line":111,"column":null}},"29":{"start":{"line":112,"column":4},"end":{"line":112,"column":null}},"30":{"start":{"line":114,"column":4},"end":{"line":125,"column":null}},"31":{"start":{"line":115,"column":34},"end":{"line":115,"column":null}},"32":{"start":{"line":116,"column":6},"end":{"line":116,"column":null}},"33":{"start":{"line":116,"column":25},"end":{"line":116,"column":61}},"34":{"start":{"line":118,"column":6},"end":{"line":118,"column":null}},"35":{"start":{"line":118,"column":38},"end":{"line":118,"column":null}},"36":{"start":{"line":119,"column":6},"end":{"line":122,"column":null}},"37":{"start":{"line":119,"column":25},"end":{"line":122,"column":7}},"38":{"start":{"line":124,"column":6},"end":{"line":124,"column":null}},"39":{"start":{"line":128,"column":2},"end":{"line":328,"column":null}},"40":{"start":{"line":134,"column":23},"end":{"line":134,"column":null}},"41":{"start":{"line":134,"column":38},"end":{"line":134,"column":40}},"42":{"start":{"line":191,"column":18},"end":{"line":204,"column":null}},"43":{"start":{"line":193,"column":35},"end":{"line":193,"column":null}},"44":{"start":{"line":217,"column":16},"end":{"line":228,"column":null}},"45":{"start":{"line":219,"column":33},"end":{"line":219,"column":null}},"46":{"start":{"line":238,"column":16},"end":{"line":262,"column":null}},"47":{"start":{"line":286,"column":18},"end":{"line":297,"column":null}},"48":{"start":{"line":288,"column":35},"end":{"line":288,"column":null}},"49":{"start":{"line":303,"column":18},"end":{"line":303,"column":null}},"50":{"start":{"line":304,"column":18},"end":{"line":304,"column":null}},"51":{"start":{"line":311,"column":35},"end":{"line":311,"column":null}}},"fnMap":{"0":{"name":"buildSystemPrompt","decl":{"start":{"line":54,"column":9},"end":{"line":54,"column":27}},"loc":{"start":{"line":54,"column":61},"end":{"line":70,"column":null}},"line":54},"1":{"name":"AIAssistant","decl":{"start":{"line":74,"column":16},"end":{"line":74,"column":30}},"loc":{"start":{"line":74,"column":30},"end":{"line":330,"column":null}},"line":74},"2":{"name":"(anonymous_2)","decl":{"start":{"line":92,"column":2},"end":{"line":92,"column":18}},"loc":{"start":{"line":92,"column":18},"end":{"line":94,"column":5}},"line":92},"3":{"name":"(anonymous_3)","decl":{"start":{"line":93,"column":4},"end":{"line":93,"column":17}},"loc":{"start":{"line":93,"column":17},"end":{"line":93,"column":null}},"line":93},"4":{"name":"(anonymous_4)","decl":{"start":{"line":96,"column":2},"end":{"line":96,"column":18}},"loc":{"start":{"line":96,"column":18},"end":{"line":98,"column":5}},"line":96},"5":{"name":"(anonymous_5)","decl":{"start":{"line":100,"column":28},"end":{"line":100,"column":42}},"loc":{"start":{"line":100,"column":42},"end":{"line":100,"column":64}},"line":100},"6":{"name":"send","decl":{"start":{"line":102,"column":17},"end":{"line":102,"column":22}},"loc":{"start":{"line":102,"column":36},"end":{"line":126,"column":null}},"line":102},"7":{"name":"(anonymous_7)","decl":{"start":{"line":116,"column":6},"end":{"line":116,"column":19}},"loc":{"start":{"line":116,"column":25},"end":{"line":116,"column":61}},"line":116},"8":{"name":"(anonymous_8)","decl":{"start":{"line":119,"column":6},"end":{"line":119,"column":19}},"loc":{"start":{"line":119,"column":25},"end":{"line":122,"column":7}},"line":119},"9":{"name":"(anonymous_9)","decl":{"start":{"line":134,"column":8},"end":{"line":134,"column":23}},"loc":{"start":{"line":134,"column":23},"end":{"line":134,"column":null}},"line":134},"10":{"name":"(anonymous_10)","decl":{"start":{"line":134,"column":23},"end":{"line":134,"column":32}},"loc":{"start":{"line":134,"column":38},"end":{"line":134,"column":40}},"line":134},"11":{"name":"(anonymous_11)","decl":{"start":{"line":190,"column":58},"end":{"line":190,"column":63}},"loc":{"start":{"line":191,"column":18},"end":{"line":204,"column":null}},"line":191},"12":{"name":"(anonymous_12)","decl":{"start":{"line":193,"column":20},"end":{"line":193,"column":35}},"loc":{"start":{"line":193,"column":35},"end":{"line":193,"column":null}},"line":193},"13":{"name":"(anonymous_13)","decl":{"start":{"line":216,"column":60},"end":{"line":216,"column":65}},"loc":{"start":{"line":217,"column":16},"end":{"line":228,"column":null}},"line":217},"14":{"name":"(anonymous_14)","decl":{"start":{"line":219,"column":18},"end":{"line":219,"column":33}},"loc":{"start":{"line":219,"column":33},"end":{"line":219,"column":null}},"line":219},"15":{"name":"(anonymous_15)","decl":{"start":{"line":237,"column":24},"end":{"line":237,"column":29}},"loc":{"start":{"line":238,"column":16},"end":{"line":262,"column":null}},"line":238},"16":{"name":"(anonymous_16)","decl":{"start":{"line":285,"column":35},"end":{"line":285,"column":40}},"loc":{"start":{"line":286,"column":18},"end":{"line":297,"column":null}},"line":286},"17":{"name":"(anonymous_17)","decl":{"start":{"line":288,"column":20},"end":{"line":288,"column":35}},"loc":{"start":{"line":288,"column":35},"end":{"line":288,"column":null}},"line":288},"18":{"name":"(anonymous_18)","decl":{"start":{"line":302,"column":16},"end":{"line":302,"column":27}},"loc":{"start":{"line":302,"column":33},"end":{"line":305,"column":null}},"line":302},"19":{"name":"(anonymous_19)","decl":{"start":{"line":311,"column":18},"end":{"line":311,"column":29}},"loc":{"start":{"line":311,"column":35},"end":{"line":311,"column":null}},"line":311}},"branchMap":{"0":{"loc":{"start":{"line":103,"column":4},"end":{"line":103,"column":null}},"type":"if","locations":[{"start":{"line":103,"column":4},"end":{"line":103,"column":null}},{"start":{},"end":{}}],"line":103},"1":{"loc":{"start":{"line":103,"column":8},"end":{"line":103,"column":34}},"type":"binary-expr","locations":[{"start":{"line":103,"column":8},"end":{"line":103,"column":24}},{"start":{"line":103,"column":24},"end":{"line":103,"column":34}}],"line":103},"2":{"loc":{"start":{"line":118,"column":6},"end":{"line":118,"column":null}},"type":"if","locations":[{"start":{"line":118,"column":6},"end":{"line":118,"column":null}},{"start":{},"end":{}}],"line":118},"3":{"loc":{"start":{"line":142,"column":9},"end":{"line":142,"column":null}},"type":"cond-expr","locations":[{"start":{"line":142,"column":16},"end":{"line":142,"column":44}},{"start":{"line":142,"column":43},"end":{"line":142,"column":null}}],"line":142},"4":{"loc":{"start":{"line":146,"column":9},"end":{"line":327,"column":null}},"type":"binary-expr","locations":[{"start":{"line":146,"column":9},"end":{"line":146,"column":null}},{"start":{"line":147,"column":10},"end":{"line":327,"column":null}}],"line":146},"5":{"loc":{"start":{"line":196,"column":34},"end":{"line":196,"column":null}},"type":"cond-expr","locations":[{"start":{"line":196,"column":47},"end":{"line":196,"column":73}},{"start":{"line":196,"column":73},"end":{"line":196,"column":null}}],"line":196},"6":{"loc":{"start":{"line":197,"column":35},"end":{"line":197,"column":null}},"type":"cond-expr","locations":[{"start":{"line":197,"column":48},"end":{"line":197,"column":74}},{"start":{"line":197,"column":74},"end":{"line":197,"column":null}}],"line":197},"7":{"loc":{"start":{"line":198,"column":29},"end":{"line":198,"column":null}},"type":"cond-expr","locations":[{"start":{"line":198,"column":42},"end":{"line":198,"column":54}},{"start":{"line":198,"column":54},"end":{"line":198,"column":null}}],"line":198},"8":{"loc":{"start":{"line":222,"column":32},"end":{"line":222,"column":null}},"type":"cond-expr","locations":[{"start":{"line":222,"column":48},"end":{"line":222,"column":74}},{"start":{"line":222,"column":74},"end":{"line":222,"column":null}}],"line":222},"9":{"loc":{"start":{"line":223,"column":33},"end":{"line":223,"column":null}},"type":"cond-expr","locations":[{"start":{"line":223,"column":49},"end":{"line":223,"column":75}},{"start":{"line":223,"column":75},"end":{"line":223,"column":null}}],"line":223},"10":{"loc":{"start":{"line":224,"column":27},"end":{"line":224,"column":null}},"type":"cond-expr","locations":[{"start":{"line":224,"column":43},"end":{"line":224,"column":55}},{"start":{"line":224,"column":55},"end":{"line":224,"column":null}}],"line":224},"11":{"loc":{"start":{"line":240,"column":37},"end":{"line":240,"column":null}},"type":"cond-expr","locations":[{"start":{"line":240,"column":57},"end":{"line":240,"column":73}},{"start":{"line":240,"column":73},"end":{"line":240,"column":null}}],"line":240},"12":{"loc":{"start":{"line":245,"column":22},"end":{"line":257,"column":null}},"type":"cond-expr","locations":[{"start":{"line":246,"column":26},"end":{"line":251,"column":null}},{"start":{"line":252,"column":26},"end":{"line":257,"column":null}}],"line":245},"13":{"loc":{"start":{"line":264,"column":15},"end":{"line":274,"column":null}},"type":"binary-expr","locations":[{"start":{"line":264,"column":15},"end":{"line":264,"column":null}},{"start":{"line":265,"column":16},"end":{"line":274,"column":null}}],"line":264}},"s":{"0":1,"1":1,"2":1,"3":1,"4":0,"5":0,"6":1,"7":1,"8":1,"9":1,"10":1,"11":1,"12":1,"13":1,"14":1,"15":1,"16":1,"17":1,"18":1,"19":1,"20":1,"21":0,"22":0,"23":0,"24":0,"25":0,"26":0,"27":0,"28":0,"29":0,"30":0,"31":0,"32":0,"33":0,"34":0,"35":0,"36":0,"37":0,"38":0,"39":1,"40":0,"41":0,"42":0,"43":0,"44":0,"45":0,"46":0,"47":0,"48":0,"49":0,"50":0,"51":0},"f":{"0":0,"1":1,"2":1,"3":1,"4":1,"5":1,"6":0,"7":0,"8":0,"9":0,"10":0,"11":0,"12":0,"13":0,"14":0,"15":0,"16":0,"17":0,"18":0,"19":0},"b":{"0":[0,0],"1":[0,0],"2":[0,0],"3":[0,1],"4":[1,0],"5":[0,0],"6":[0,0],"7":[0,0],"8":[0,0],"9":[0,0],"10":[0,0],"11":[0,0],"12":[0,0],"13":[0,0]},"meta":{"lastBranch":14,"lastFunction":20,"lastStatement":52,"seen":{"s:8:47:27:Infinity":0,"s:29:73:34:Infinity":1,"s:36:48:41:Infinity":2,"s:45:51:52:Infinity":3,"f:54:9:54:27":0,"s:55:50:62:Infinity":4,"s:64:2:67:Infinity":5,"f:74:16:74:30":1,"s:75:15:75:Infinity":6,"s:76:18:76:Infinity":7,"s:77:15:77:Infinity":8,"s:78:19:85:Infinity":9,"s:86:16:86:Infinity":10,"s:87:19:87:Infinity":11,"s:88:8:88:Infinity":12,"s:90:8:90:Infinity":13,"s:92:2:94:Infinity":14,"f:92:2:92:18":2,"s:93:4:93:Infinity":15,"f:93:4:93:17":3,"s:93:17:93:Infinity":16,"s:96:2:98:Infinity":17,"f:96:2:96:18":4,"s:97:4:97:Infinity":18,"s:100:8:100:Infinity":19,"f:100:28:100:42":5,"s:100:42:100:64":20,"f:102:17:102:22":6,"b:103:4:103:Infinity:undefined:undefined:undefined:undefined":0,"s:103:4:103:Infinity":21,"b:103:8:103:24:103:24:103:34":1,"s:103:34:103:Infinity":22,"s:105:24:105:Infinity":23,"s:106:4:106:Infinity":24,"s:107:4:107:Infinity":25,"s:108:4:108:Infinity":26,"s:110:4:110:Infinity":27,"s:111:23:111:Infinity":28,"s:112:4:112:Infinity":29,"s:114:4:125:Infinity":30,"s:115:34:115:Infinity":31,"s:116:6:116:Infinity":32,"f:116:6:116:19":7,"s:116:25:116:61":33,"b:118:6:118:Infinity:undefined:undefined:undefined:undefined":2,"s:118:6:118:Infinity":34,"s:118:38:118:Infinity":35,"s:119:6:122:Infinity":36,"f:119:6:119:19":8,"s:119:25:122:7":37,"s:124:6:124:Infinity":38,"s:128:2:328:Infinity":39,"f:134:8:134:23":9,"s:134:23:134:Infinity":40,"f:134:23:134:32":10,"s:134:38:134:40":41,"b:142:16:142:44:142:43:142:Infinity":3,"b:146:9:146:Infinity:147:10:327:Infinity":4,"f:190:58:190:63":11,"s:191:18:204:Infinity":42,"f:193:20:193:35":12,"s:193:35:193:Infinity":43,"b:196:47:196:73:196:73:196:Infinity":5,"b:197:48:197:74:197:74:197:Infinity":6,"b:198:42:198:54:198:54:198:Infinity":7,"f:216:60:216:65":13,"s:217:16:228:Infinity":44,"f:219:18:219:33":14,"s:219:33:219:Infinity":45,"b:222:48:222:74:222:74:222:Infinity":8,"b:223:49:223:75:223:75:223:Infinity":9,"b:224:43:224:55:224:55:224:Infinity":10,"f:237:24:237:29":15,"s:238:16:262:Infinity":46,"b:240:57:240:73:240:73:240:Infinity":11,"b:246:26:251:Infinity:252:26:257:Infinity":12,"b:264:15:264:Infinity:265:16:274:Infinity":13,"f:285:35:285:40":16,"s:286:18:297:Infinity":47,"f:288:20:288:35":17,"s:288:35:288:Infinity":48,"f:302:16:302:27":18,"s:303:18:303:Infinity":49,"s:304:18:304:Infinity":50,"f:311:18:311:29":19,"s:311:35:311:Infinity":51},"fnNames":{}}}
,"C:\\Users\\Asus\\Downloads\\Arena Intelligence\\src\\components\\AppShell.tsx": {"path":"C:\\Users\\Asus\\Downloads\\Arena Intelligence\\src\\components\\AppShell.tsx","statementMap":{"0":{"start":{"line":26,"column":59},"end":{"line":43,"column":null}},"1":{"start":{"line":46,"column":2},"end":{"line":46,"column":null}},"2":{"start":{"line":57,"column":8},"end":{"line":57,"column":null}},"3":{"start":{"line":57,"column":51},"end":{"line":57,"column":71}},"4":{"start":{"line":58,"column":21},"end":{"line":58,"column":null}},"5":{"start":{"line":58,"column":48},"end":{"line":58,"column":55}},"6":{"start":{"line":58,"column":69},"end":{"line":58,"column":94}},"7":{"start":{"line":59,"column":8},"end":{"line":59,"column":null}},"8":{"start":{"line":61,"column":2},"end":{"line":65,"column":null}},"9":{"start":{"line":62,"column":4},"end":{"line":64,"column":null}},"10":{"start":{"line":63,"column":6},"end":{"line":63,"column":null}},"11":{"start":{"line":67,"column":2},"end":{"line":80,"column":null}},"12":{"start":{"line":68,"column":4},"end":{"line":78,"column":null}},"13":{"start":{"line":82,"column":2},"end":{"line":303,"column":null}},"14":{"start":{"line":135,"column":12},"end":{"line":189,"column":null}},"15":{"start":{"line":144,"column":33},"end":{"line":144,"column":null}},"16":{"start":{"line":145,"column":18},"end":{"line":185,"column":null}},"17":{"start":{"line":276,"column":40},"end":{"line":276,"column":47}},"18":{"start":{"line":277,"column":29},"end":{"line":277,"column":null}},"19":{"start":{"line":278,"column":14},"end":{"line":292,"column":null}}},"fnMap":{"0":{"name":"AppShell","decl":{"start":{"line":48,"column":16},"end":{"line":48,"column":25}},"loc":{"start":{"line":56,"column":3},"end":{"line":305,"column":null}},"line":56},"1":{"name":"(anonymous_1)","decl":{"start":{"line":57,"column":36},"end":{"line":57,"column":45}},"loc":{"start":{"line":57,"column":51},"end":{"line":57,"column":71}},"line":57},"2":{"name":"(anonymous_2)","decl":{"start":{"line":58,"column":33},"end":{"line":58,"column":42}},"loc":{"start":{"line":58,"column":48},"end":{"line":58,"column":55}},"line":58},"3":{"name":"(anonymous_3)","decl":{"start":{"line":58,"column":57},"end":{"line":58,"column":63}},"loc":{"start":{"line":58,"column":69},"end":{"line":58,"column":94}},"line":58},"4":{"name":"(anonymous_4)","decl":{"start":{"line":61,"column":2},"end":{"line":61,"column":18}},"loc":{"start":{"line":61,"column":18},"end":{"line":65,"column":5}},"line":61},"5":{"name":"(anonymous_5)","decl":{"start":{"line":134,"column":23},"end":{"line":134,"column":28}},"loc":{"start":{"line":135,"column":12},"end":{"line":189,"column":null}},"line":135},"6":{"name":"(anonymous_6)","decl":{"start":{"line":143,"column":31},"end":{"line":143,"column":36}},"loc":{"start":{"line":143,"column":72},"end":{"line":187,"column":17}},"line":143},"7":{"name":"(anonymous_7)","decl":{"start":{"line":276,"column":25},"end":{"line":276,"column":34}},"loc":{"start":{"line":276,"column":40},"end":{"line":276,"column":47}},"line":276},"8":{"name":"(anonymous_8)","decl":{"start":{"line":276,"column":49},"end":{"line":276,"column":54}},"loc":{"start":{"line":276,"column":84},"end":{"line":294,"column":13}},"line":276}},"branchMap":{"0":{"loc":{"start":{"line":62,"column":4},"end":{"line":64,"column":null}},"type":"if","locations":[{"start":{"line":62,"column":4},"end":{"line":64,"column":null}},{"start":{},"end":{}}],"line":62},"1":{"loc":{"start":{"line":67,"column":2},"end":{"line":80,"column":null}},"type":"if","locations":[{"start":{"line":67,"column":2},"end":{"line":80,"column":null}},{"start":{},"end":{}}],"line":67},"2":{"loc":{"start":{"line":144,"column":33},"end":{"line":144,"column":null}},"type":"binary-expr","locations":[{"start":{"line":144,"column":33},"end":{"line":144,"column":52}},{"start":{"line":144,"column":52},"end":{"line":144,"column":null}}],"line":144},"3":{"loc":{"start":{"line":149,"column":38},"end":{"line":149,"column":null}},"type":"cond-expr","locations":[{"start":{"line":149,"column":47},"end":{"line":149,"column":56}},{"start":{"line":149,"column":56},"end":{"line":149,"column":null}}],"line":149},"4":{"loc":{"start":{"line":151,"column":26},"end":{"line":153,"column":null}},"type":"cond-expr","locations":[{"start":{"line":152,"column":30},"end":{"line":152,"column":null}},{"start":{"line":153,"column":30},"end":{"line":153,"column":null}}],"line":151},"5":{"loc":{"start":{"line":156,"column":26},"end":{"line":161,"column":null}},"type":"cond-expr","locations":[{"start":{"line":157,"column":30},"end":{"line":160,"column":null}},{"start":{"line":161,"column":30},"end":{"line":161,"column":null}}],"line":156},"6":{"loc":{"start":{"line":170,"column":37},"end":{"line":170,"column":null}},"type":"cond-expr","locations":[{"start":{"line":170,"column":46},"end":{"line":170,"column":50}},{"start":{"line":170,"column":50},"end":{"line":170,"column":null}}],"line":170},"7":{"loc":{"start":{"line":175,"column":42},"end":{"line":175,"column":73}},"type":"cond-expr","locations":[{"start":{"line":175,"column":51},"end":{"line":175,"column":63}},{"start":{"line":175,"column":63},"end":{"line":175,"column":73}}],"line":175},"8":{"loc":{"start":{"line":179,"column":25},"end":{"line":182,"column":null}},"type":"binary-expr","locations":[{"start":{"line":179,"column":25},"end":{"line":179,"column":null}},{"start":{"line":180,"column":26},"end":{"line":182,"column":null}}],"line":179},"9":{"loc":{"start":{"line":237,"column":50},"end":{"line":237,"column":83}},"type":"binary-expr","locations":[{"start":{"line":237,"column":50},"end":{"line":237,"column":71}},{"start":{"line":237,"column":71},"end":{"line":237,"column":83}}],"line":237},"10":{"loc":{"start":{"line":240,"column":15},"end":{"line":240,"column":null}},"type":"binary-expr","locations":[{"start":{"line":240,"column":15},"end":{"line":240,"column":27}},{"start":{"line":240,"column":27},"end":{"line":240,"column":null}}],"line":240},"11":{"loc":{"start":{"line":277,"column":29},"end":{"line":277,"column":null}},"type":"binary-expr","locations":[{"start":{"line":277,"column":29},"end":{"line":277,"column":48}},{"start":{"line":277,"column":48},"end":{"line":277,"column":null}}],"line":277},"12":{"loc":{"start":{"line":282,"column":32},"end":{"line":282,"column":null}},"type":"cond-expr","locations":[{"start":{"line":282,"column":41},"end":{"line":282,"column":50}},{"start":{"line":282,"column":50},"end":{"line":282,"column":null}}],"line":282},"13":{"loc":{"start":{"line":285,"column":20},"end":{"line":287,"column":null}},"type":"cond-expr","locations":[{"start":{"line":286,"column":24},"end":{"line":286,"column":null}},{"start":{"line":287,"column":24},"end":{"line":287,"column":null}}],"line":285},"14":{"loc":{"start":{"line":302,"column":7},"end":{"line":302,"column":null}},"type":"binary-expr","locations":[{"start":{"line":302,"column":7},"end":{"line":302,"column":36}},{"start":{"line":302,"column":36},"end":{"line":302,"column":null}}],"line":302}},"s":{"0":2,"1":2,"2":3,"3":3,"4":3,"5":6,"6":6,"7":3,"8":3,"9":3,"10":0,"11":3,"12":0,"13":3,"14":6,"15":18,"16":18,"17":6,"18":18,"19":18},"f":{"0":3,"1":3,"2":6,"3":6,"4":3,"5":6,"6":18,"7":6,"8":18},"b":{"0":[0,3],"1":[0,3],"2":[18,15],"3":[3,15],"4":[3,15],"5":[3,15],"6":[3,15],"7":[3,15],"8":[18,18],"9":[3,0],"10":[3,3],"11":[18,15],"12":[3,15],"13":[3,15],"14":[3,3]},"meta":{"lastBranch":15,"lastFunction":9,"lastStatement":20,"seen":{"s:26:59:43:Infinity":0,"s:46:2:46:Infinity":1,"f:48:16:48:25":0,"s:57:8:57:Infinity":2,"f:57:36:57:45":1,"s:57:51:57:71":3,"s:58:21:58:Infinity":4,"f:58:33:58:42":2,"s:58:48:58:55":5,"f:58:57:58:63":3,"s:58:69:58:94":6,"s:59:8:59:Infinity":7,"s:61:2:65:Infinity":8,"f:61:2:61:18":4,"b:62:4:64:Infinity:undefined:undefined:undefined:undefined":0,"s:62:4:64:Infinity":9,"s:63:6:63:Infinity":10,"b:67:2:80:Infinity:undefined:undefined:undefined:undefined":1,"s:67:2:80:Infinity":11,"s:68:4:78:Infinity":12,"s:82:2:303:Infinity":13,"f:134:23:134:28":5,"s:135:12:189:Infinity":14,"f:143:31:143:36":6,"s:144:33:144:Infinity":15,"b:144:33:144:52:144:52:144:Infinity":2,"s:145:18:185:Infinity":16,"b:149:47:149:56:149:56:149:Infinity":3,"b:152:30:152:Infinity:153:30:153:Infinity":4,"b:157:30:160:Infinity:161:30:161:Infinity":5,"b:170:46:170:50:170:50:170:Infinity":6,"b:175:51:175:63:175:63:175:73":7,"b:179:25:179:Infinity:180:26:182:Infinity":8,"b:237:50:237:71:237:71:237:83":9,"b:240:15:240:27:240:27:240:Infinity":10,"f:276:25:276:34":7,"s:276:40:276:47":17,"f:276:49:276:54":8,"s:277:29:277:Infinity":18,"b:277:29:277:48:277:48:277:Infinity":11,"s:278:14:292:Infinity":19,"b:282:41:282:50:282:50:282:Infinity":12,"b:286:24:286:Infinity:287:24:287:Infinity":13,"b:302:7:302:36:302:36:302:Infinity":14},"fnNames":{}}}
,"C:\\Users\\Asus\\Downloads\\Arena Intelligence\\src\\components\\Logo.tsx": {"path":"C:\\Users\\Asus\\Downloads\\Arena Intelligence\\src\\components\\Logo.tsx","statementMap":{"0":{"start":{"line":4,"column":2},"end":{"line":4,"column":null}},"1":{"start":{"line":7,"column":19},"end":{"line":7,"column":null}},"2":{"start":{"line":8,"column":19},"end":{"line":8,"column":null}},"3":{"start":{"line":10,"column":2},"end":{"line":41,"column":null}}},"fnMap":{"0":{"name":"Logo","decl":{"start":{"line":6,"column":16},"end":{"line":6,"column":21}},"loc":{"start":{"line":6,"column":69},"end":{"line":43,"column":null}},"line":6}},"branchMap":{"0":{"loc":{"start":{"line":6,"column":23},"end":{"line":6,"column":69}},"type":"default-arg","locations":[{"start":{"line":6,"column":30},"end":{"line":6,"column":69}}],"line":6},"1":{"loc":{"start":{"line":7,"column":19},"end":{"line":7,"column":null}},"type":"cond-expr","locations":[{"start":{"line":7,"column":35},"end":{"line":7,"column":46}},{"start":{"line":7,"column":46},"end":{"line":7,"column":null}}],"line":7},"2":{"loc":{"start":{"line":7,"column":46},"end":{"line":7,"column":null}},"type":"cond-expr","locations":[{"start":{"line":7,"column":62},"end":{"line":7,"column":74}},{"start":{"line":7,"column":74},"end":{"line":7,"column":null}}],"line":7},"3":{"loc":{"start":{"line":8,"column":19},"end":{"line":8,"column":null}},"type":"cond-expr","locations":[{"start":{"line":8,"column":35},"end":{"line":8,"column":47}},{"start":{"line":8,"column":47},"end":{"line":8,"column":null}}],"line":8},"4":{"loc":{"start":{"line":8,"column":47},"end":{"line":8,"column":null}},"type":"cond-expr","locations":[{"start":{"line":8,"column":63},"end":{"line":8,"column":75}},{"start":{"line":8,"column":75},"end":{"line":8,"column":null}}],"line":8},"5":{"loc":{"start":{"line":34,"column":11},"end":{"line":39,"column":null}},"type":"binary-expr","locations":[{"start":{"line":34,"column":11},"end":{"line":34,"column":null}},{"start":{"line":35,"column":12},"end":{"line":39,"column":null}}],"line":34}},"s":{"0":3,"1":6,"2":6,"3":6},"f":{"0":6},"b":{"0":[6],"1":[1,5],"2":[0,5],"3":[1,5],"4":[0,5],"5":[6,5]},"meta":{"lastBranch":6,"lastFunction":1,"lastStatement":4,"seen":{"s:4:2:4:Infinity":0,"f:6:16:6:21":0,"b:6:30:6:69":0,"s:7:19:7:Infinity":1,"b:7:35:7:46:7:46:7:Infinity":1,"b:7:62:7:74:7:74:7:Infinity":2,"s:8:19:8:Infinity":2,"b:8:35:8:47:8:47:8:Infinity":3,"b:8:63:8:75:8:75:8:Infinity":4,"s:10:2:41:Infinity":3,"b:34:11:34:Infinity:35:12:39:Infinity":5},"fnNames":{}}}
,"C:\\Users\\Asus\\Downloads\\Arena Intelligence\\src\\components\\StatCard.tsx": {"path":"C:\\Users\\Asus\\Downloads\\Arena Intelligence\\src\\components\\StatCard.tsx","statementMap":{"0":{"start":{"line":17,"column":19},"end":{"line":17,"column":null}},"1":{"start":{"line":18,"column":21},"end":{"line":18,"column":null}},"2":{"start":{"line":20,"column":2},"end":{"line":65,"column":null}}},"fnMap":{"0":{"name":"StatCard","decl":{"start":{"line":4,"column":16},"end":{"line":4,"column":25}},"loc":{"start":{"line":16,"column":3},"end":{"line":67,"column":null}},"line":16}},"branchMap":{"0":{"loc":{"start":{"line":9,"column":2},"end":{"line":9,"column":null}},"type":"default-arg","locations":[{"start":{"line":9,"column":10},"end":{"line":9,"column":null}}],"line":9},"1":{"loc":{"start":{"line":17,"column":19},"end":{"line":17,"column":null}},"type":"binary-expr","locations":[{"start":{"line":17,"column":19},"end":{"line":17,"column":45}},{"start":{"line":17,"column":45},"end":{"line":17,"column":null}}],"line":17},"2":{"loc":{"start":{"line":35,"column":9},"end":{"line":47,"column":null}},"type":"binary-expr","locations":[{"start":{"line":35,"column":9},"end":{"line":35,"column":null}},{"start":{"line":36,"column":10},"end":{"line":47,"column":null}}],"line":35},"3":{"loc":{"start":{"line":51,"column":7},"end":{"line":57,"column":null}},"type":"binary-expr","locations":[{"start":{"line":51,"column":7},"end":{"line":51,"column":null}},{"start":{"line":52,"column":8},"end":{"line":57,"column":null}}],"line":51},"4":{"loc":{"start":{"line":54,"column":26},"end":{"line":54,"column":84}},"type":"cond-expr","locations":[{"start":{"line":54,"column":39},"end":{"line":54,"column":51}},{"start":{"line":54,"column":51},"end":{"line":54,"column":84}}],"line":54},"5":{"loc":{"start":{"line":54,"column":51},"end":{"line":54,"column":84}},"type":"cond-expr","locations":[{"start":{"line":54,"column":62},"end":{"line":54,"column":74}},{"start":{"line":54,"column":74},"end":{"line":54,"column":84}}],"line":54}},"s":{"0":0,"1":0,"2":0},"f":{"0":0},"b":{"0":[0],"1":[0,0],"2":[0,0],"3":[0,0],"4":[0,0],"5":[0,0]},"meta":{"lastBranch":6,"lastFunction":1,"lastStatement":3,"seen":{"f:4:16:4:25":0,"b:9:10:9:Infinity":0,"s:17:19:17:Infinity":0,"b:17:19:17:45:17:45:17:Infinity":1,"s:18:21:18:Infinity":1,"s:20:2:65:Infinity":2,"b:35:9:35:Infinity:36:10:47:Infinity":2,"b:51:7:51:Infinity:52:8:57:Infinity":3,"b:54:39:54:51:54:51:54:84":4,"b:54:62:54:74:54:74:54:84":5},"fnNames":{}}}
,"C:\\Users\\Asus\\Downloads\\Arena Intelligence\\src\\components\\TacticalBlueprint.tsx": {"path":"C:\\Users\\Asus\\Downloads\\Arena Intelligence\\src\\components\\TacticalBlueprint.tsx","statementMap":{"0":{"start":{"line":5,"column":6},"end":{"line":60,"column":null}},"1":{"start":{"line":13,"column":4},"end":{"line":57,"column":null}},"2":{"start":{"line":16,"column":10},"end":{"line":55,"column":null}},"3":{"start":{"line":17,"column":18},"end":{"line":17,"column":null}},"4":{"start":{"line":18,"column":30},"end":{"line":18,"column":null}},"5":{"start":{"line":20,"column":23},"end":{"line":20,"column":null}},"6":{"start":{"line":21,"column":30},"end":{"line":21,"column":null}},"7":{"start":{"line":23,"column":12},"end":{"line":41,"column":null}},"8":{"start":{"line":25,"column":14},"end":{"line":31,"column":null}},"9":{"start":{"line":26,"column":16},"end":{"line":26,"column":null}},"10":{"start":{"line":27,"column":16},"end":{"line":27,"column":null}},"11":{"start":{"line":29,"column":16},"end":{"line":29,"column":null}},"12":{"start":{"line":30,"column":16},"end":{"line":30,"column":null}},"13":{"start":{"line":32,"column":19},"end":{"line":41,"column":null}},"14":{"start":{"line":34,"column":14},"end":{"line":40,"column":null}},"15":{"start":{"line":35,"column":16},"end":{"line":35,"column":null}},"16":{"start":{"line":36,"column":16},"end":{"line":36,"column":null}},"17":{"start":{"line":38,"column":16},"end":{"line":38,"column":null}},"18":{"start":{"line":39,"column":16},"end":{"line":39,"column":null}},"19":{"start":{"line":43,"column":12},"end":{"line":53,"column":null}},"20":{"start":{"line":62,"column":0},"end":{"line":62,"column":null}},"21":{"start":{"line":73,"column":15},"end":{"line":73,"column":null}},"22":{"start":{"line":76,"column":8},"end":{"line":88,"column":null}},"23":{"start":{"line":77,"column":4},"end":{"line":87,"column":null}},"24":{"start":{"line":90,"column":2},"end":{"line":238,"column":null}},"25":{"start":{"line":99,"column":10},"end":{"line":99,"column":null}},"26":{"start":{"line":104,"column":10},"end":{"line":104,"column":null}},"27":{"start":{"line":129,"column":12},"end":{"line":129,"column":null}},"28":{"start":{"line":169,"column":23},"end":{"line":169,"column":null}},"29":{"start":{"line":170,"column":14},"end":{"line":174,"column":null}},"30":{"start":{"line":171,"column":16},"end":{"line":171,"column":null}},"31":{"start":{"line":172,"column":21},"end":{"line":174,"column":null}},"32":{"start":{"line":173,"column":16},"end":{"line":173,"column":null}},"33":{"start":{"line":175,"column":14},"end":{"line":179,"column":null}}},"fnMap":{"0":{"name":"(anonymous_0)","decl":{"start":{"line":5,"column":18},"end":{"line":5,"column":null}},"loc":{"start":{"line":12,"column":8},"end":{"line":59,"column":null}},"line":12},"1":{"name":"(anonymous_1)","decl":{"start":{"line":15,"column":46},"end":{"line":15,"column":51}},"loc":{"start":{"line":16,"column":10},"end":{"line":55,"column":null}},"line":16},"2":{"name":"(anonymous_2)","decl":{"start":{"line":16,"column":47},"end":{"line":16,"column":52}},"loc":{"start":{"line":16,"column":61},"end":{"line":55,"column":11}},"line":16},"3":{"name":"TacticalBlueprint","decl":{"start":{"line":64,"column":16},"end":{"line":64,"column":34}},"loc":{"start":{"line":72,"column":3},"end":{"line":240,"column":null}},"line":72},"4":{"name":"(anonymous_4)","decl":{"start":{"line":76,"column":23},"end":{"line":76,"column":37}},"loc":{"start":{"line":76,"column":37},"end":{"line":88,"column":5}},"line":76},"5":{"name":"(anonymous_5)","decl":{"start":{"line":98,"column":36},"end":{"line":98,"column":41}},"loc":{"start":{"line":99,"column":10},"end":{"line":99,"column":null}},"line":99},"6":{"name":"(anonymous_6)","decl":{"start":{"line":103,"column":36},"end":{"line":103,"column":41}},"loc":{"start":{"line":104,"column":10},"end":{"line":104,"column":null}},"line":104},"7":{"name":"(anonymous_7)","decl":{"start":{"line":128,"column":24},"end":{"line":128,"column":29}},"loc":{"start":{"line":129,"column":12},"end":{"line":129,"column":null}},"line":129},"8":{"name":"(anonymous_8)","decl":{"start":{"line":168,"column":40},"end":{"line":168,"column":45}},"loc":{"start":{"line":168,"column":54},"end":{"line":181,"column":13}},"line":168}},"branchMap":{"0":{"loc":{"start":{"line":17,"column":18},"end":{"line":17,"column":null}},"type":"binary-expr","locations":[{"start":{"line":17,"column":18},"end":{"line":17,"column":51}},{"start":{"line":17,"column":45},"end":{"line":17,"column":null}}],"line":17},"1":{"loc":{"start":{"line":20,"column":23},"end":{"line":20,"column":null}},"type":"cond-expr","locations":[{"start":{"line":20,"column":34},"end":{"line":20,"column":46}},{"start":{"line":20,"column":46},"end":{"line":20,"column":null}}],"line":20},"2":{"loc":{"start":{"line":21,"column":30},"end":{"line":21,"column":null}},"type":"cond-expr","locations":[{"start":{"line":21,"column":41},"end":{"line":21,"column":65}},{"start":{"line":21,"column":65},"end":{"line":21,"column":null}}],"line":21},"3":{"loc":{"start":{"line":23,"column":12},"end":{"line":41,"column":null}},"type":"if","locations":[{"start":{"line":23,"column":12},"end":{"line":41,"column":null}},{"start":{"line":32,"column":19},"end":{"line":41,"column":null}}],"line":23},"4":{"loc":{"start":{"line":25,"column":14},"end":{"line":31,"column":null}},"type":"if","locations":[{"start":{"line":25,"column":14},"end":{"line":31,"column":null}},{"start":{"line":28,"column":21},"end":{"line":31,"column":null}}],"line":25},"5":{"loc":{"start":{"line":26,"column":23},"end":{"line":26,"column":null}},"type":"cond-expr","locations":[{"start":{"line":26,"column":41},"end":{"line":26,"column":53}},{"start":{"line":26,"column":53},"end":{"line":26,"column":null}}],"line":26},"6":{"loc":{"start":{"line":26,"column":53},"end":{"line":26,"column":null}},"type":"cond-expr","locations":[{"start":{"line":26,"column":71},"end":{"line":26,"column":83}},{"start":{"line":26,"column":83},"end":{"line":26,"column":null}}],"line":26},"7":{"loc":{"start":{"line":32,"column":19},"end":{"line":41,"column":null}},"type":"if","locations":[{"start":{"line":32,"column":19},"end":{"line":41,"column":null}},{"start":{},"end":{}}],"line":32},"8":{"loc":{"start":{"line":34,"column":14},"end":{"line":40,"column":null}},"type":"if","locations":[{"start":{"line":34,"column":14},"end":{"line":40,"column":null}},{"start":{"line":37,"column":21},"end":{"line":40,"column":null}}],"line":34},"9":{"loc":{"start":{"line":35,"column":23},"end":{"line":35,"column":null}},"type":"cond-expr","locations":[{"start":{"line":35,"column":41},"end":{"line":35,"column":53}},{"start":{"line":35,"column":53},"end":{"line":35,"column":null}}],"line":35},"10":{"loc":{"start":{"line":65,"column":2},"end":{"line":65,"column":null}},"type":"default-arg","locations":[{"start":{"line":65,"column":17},"end":{"line":65,"column":null}}],"line":65},"11":{"loc":{"start":{"line":66,"column":2},"end":{"line":66,"column":null}},"type":"default-arg","locations":[{"start":{"line":66,"column":16},"end":{"line":66,"column":null}}],"line":66},"12":{"loc":{"start":{"line":67,"column":2},"end":{"line":67,"column":null}},"type":"default-arg","locations":[{"start":{"line":67,"column":19},"end":{"line":67,"column":null}}],"line":67},"13":{"loc":{"start":{"line":73,"column":15},"end":{"line":73,"column":null}},"type":"cond-expr","locations":[{"start":{"line":73,"column":29},"end":{"line":73,"column":41}},{"start":{"line":73,"column":41},"end":{"line":73,"column":null}}],"line":73},"14":{"loc":{"start":{"line":73,"column":41},"end":{"line":73,"column":null}},"type":"cond-expr","locations":[{"start":{"line":73,"column":58},"end":{"line":73,"column":70}},{"start":{"line":73,"column":70},"end":{"line":73,"column":null}}],"line":73},"15":{"loc":{"start":{"line":133,"column":11},"end":{"line":145,"column":null}},"type":"binary-expr","locations":[{"start":{"line":133,"column":11},"end":{"line":133,"column":null}},{"start":{"line":134,"column":12},"end":{"line":145,"column":null}}],"line":133},"16":{"loc":{"start":{"line":149,"column":48},"end":{"line":149,"column":86}},"type":"cond-expr","locations":[{"start":{"line":149,"column":63},"end":{"line":149,"column":75}},{"start":{"line":149,"column":75},"end":{"line":149,"column":86}}],"line":149},"17":{"loc":{"start":{"line":150,"column":48},"end":{"line":150,"column":86}},"type":"cond-expr","locations":[{"start":{"line":150,"column":63},"end":{"line":150,"column":75}},{"start":{"line":150,"column":75},"end":{"line":150,"column":86}}],"line":150},"18":{"loc":{"start":{"line":170,"column":14},"end":{"line":174,"column":null}},"type":"if","locations":[{"start":{"line":170,"column":14},"end":{"line":174,"column":null}},{"start":{"line":172,"column":21},"end":{"line":174,"column":null}}],"line":170},"19":{"loc":{"start":{"line":171,"column":21},"end":{"line":171,"column":null}},"type":"cond-expr","locations":[{"start":{"line":171,"column":35},"end":{"line":171,"column":52}},{"start":{"line":171,"column":52},"end":{"line":171,"column":null}}],"line":171},"20":{"loc":{"start":{"line":171,"column":52},"end":{"line":171,"column":null}},"type":"cond-expr","locations":[{"start":{"line":171,"column":66},"end":{"line":171,"column":83}},{"start":{"line":171,"column":83},"end":{"line":171,"column":null}}],"line":171},"21":{"loc":{"start":{"line":172,"column":21},"end":{"line":174,"column":null}},"type":"if","locations":[{"start":{"line":172,"column":21},"end":{"line":174,"column":null}},{"start":{},"end":{}}],"line":172},"22":{"loc":{"start":{"line":173,"column":21},"end":{"line":173,"column":null}},"type":"cond-expr","locations":[{"start":{"line":173,"column":35},"end":{"line":173,"column":52}},{"start":{"line":173,"column":52},"end":{"line":173,"column":null}}],"line":173}},"s":{"0":0,"1":0,"2":0,"3":0,"4":0,"5":0,"6":0,"7":0,"8":0,"9":0,"10":0,"11":0,"12":0,"13":0,"14":0,"15":0,"16":0,"17":0,"18":0,"19":0,"20":0,"21":0,"22":0,"23":0,"24":0,"25":0,"26":0,"27":0,"28":0,"29":0,"30":0,"31":0,"32":0,"33":0},"f":{"0":0,"1":0,"2":0,"3":0,"4":0,"5":0,"6":0,"7":0,"8":0},"b":{"0":[0,0],"1":[0,0],"2":[0,0],"3":[0,0],"4":[0,0],"5":[0,0],"6":[0,0],"7":[0,0],"8":[0,0],"9":[0,0],"10":[0],"11":[0],"12":[0],"13":[0,0],"14":[0,0],"15":[0,0],"16":[0,0],"17":[0,0],"18":[0,0],"19":[0,0],"20":[0,0],"21":[0,0],"22":[0,0]},"meta":{"lastBranch":23,"lastFunction":9,"lastStatement":34,"seen":{"s:5:6:60:Infinity":0,"f:5:18:5:Infinity":0,"s:13:4:57:Infinity":1,"f:15:46:15:51":1,"s:16:10:55:Infinity":2,"f:16:47:16:52":2,"s:17:18:17:Infinity":3,"b:17:18:17:51:17:45:17:Infinity":0,"s:18:30:18:Infinity":4,"s:20:23:20:Infinity":5,"b:20:34:20:46:20:46:20:Infinity":1,"s:21:30:21:Infinity":6,"b:21:41:21:65:21:65:21:Infinity":2,"b:23:12:41:Infinity:32:19:41:Infinity":3,"s:23:12:41:Infinity":7,"b:25:14:31:Infinity:28:21:31:Infinity":4,"s:25:14:31:Infinity":8,"s:26:16:26:Infinity":9,"b:26:41:26:53:26:53:26:Infinity":5,"b:26:71:26:83:26:83:26:Infinity":6,"s:27:16:27:Infinity":10,"s:29:16:29:Infinity":11,"s:30:16:30:Infinity":12,"b:32:19:41:Infinity:undefined:undefined:undefined:undefined":7,"s:32:19:41:Infinity":13,"b:34:14:40:Infinity:37:21:40:Infinity":8,"s:34:14:40:Infinity":14,"s:35:16:35:Infinity":15,"b:35:41:35:53:35:53:35:Infinity":9,"s:36:16:36:Infinity":16,"s:38:16:38:Infinity":17,"s:39:16:39:Infinity":18,"s:43:12:53:Infinity":19,"s:62:0:62:Infinity":20,"f:64:16:64:34":3,"b:65:17:65:Infinity":10,"b:66:16:66:Infinity":11,"b:67:19:67:Infinity":12,"s:73:15:73:Infinity":21,"b:73:29:73:41:73:41:73:Infinity":13,"b:73:58:73:70:73:70:73:Infinity":14,"s:76:8:88:Infinity":22,"f:76:23:76:37":4,"s:77:4:87:Infinity":23,"s:90:2:238:Infinity":24,"f:98:36:98:41":5,"s:99:10:99:Infinity":25,"f:103:36:103:41":6,"s:104:10:104:Infinity":26,"f:128:24:128:29":7,"s:129:12:129:Infinity":27,"b:133:11:133:Infinity:134:12:145:Infinity":15,"b:149:63:149:75:149:75:149:86":16,"b:150:63:150:75:150:75:150:86":17,"f:168:40:168:45":8,"s:169:23:169:Infinity":28,"b:170:14:174:Infinity:172:21:174:Infinity":18,"s:170:14:174:Infinity":29,"s:171:16:171:Infinity":30,"b:171:35:171:52:171:52:171:Infinity":19,"b:171:66:171:83:171:83:171:Infinity":20,"b:172:21:174:Infinity:undefined:undefined:undefined:undefined":21,"s:172:21:174:Infinity":31,"s:173:16:173:Infinity":32,"b:173:35:173:52:173:52:173:Infinity":22,"s:175:14:179:Infinity":33},"fnNames":{}}}
,"C:\\Users\\Asus\\Downloads\\Arena Intelligence\\src\\components\\ui\\accordion.tsx": {"path":"C:\\Users\\Asus\\Downloads\\Arena Intelligence\\src\\components\\ui\\accordion.tsx","statementMap":{"0":{"start":{"line":7,"column":18},"end":{"line":7,"column":null}},"1":{"start":{"line":9,"column":22},"end":{"line":14,"column":null}},"2":{"start":{"line":13,"column":2},"end":{"line":14,"column":null}},"3":{"start":{"line":15,"column":0},"end":{"line":15,"column":null}},"4":{"start":{"line":17,"column":25},"end":{"line":34,"column":null}},"5":{"start":{"line":21,"column":2},"end":{"line":34,"column":null}},"6":{"start":{"line":35,"column":0},"end":{"line":35,"column":null}},"7":{"start":{"line":37,"column":25},"end":{"line":48,"column":null}},"8":{"start":{"line":41,"column":2},"end":{"line":48,"column":null}},"9":{"start":{"line":49,"column":0},"end":{"line":49,"column":null}}},"fnMap":{"0":{"name":"(anonymous_0)","decl":{"start":{"line":9,"column":28},"end":{"line":9,"column":null}},"loc":{"start":{"line":13,"column":2},"end":{"line":14,"column":null}},"line":13},"1":{"name":"(anonymous_1)","decl":{"start":{"line":17,"column":31},"end":{"line":17,"column":null}},"loc":{"start":{"line":21,"column":2},"end":{"line":34,"column":null}},"line":21},"2":{"name":"(anonymous_2)","decl":{"start":{"line":37,"column":31},"end":{"line":37,"column":null}},"loc":{"start":{"line":41,"column":2},"end":{"line":48,"column":null}},"line":41}},"branchMap":{},"s":{"0":0,"1":0,"2":0,"3":0,"4":0,"5":0,"6":0,"7":0,"8":0,"9":0},"f":{"0":0,"1":0,"2":0},"b":{},"meta":{"lastBranch":0,"lastFunction":3,"lastStatement":10,"seen":{"s:7:18:7:Infinity":0,"s:9:22:14:Infinity":1,"f:9:28:9:Infinity":0,"s:13:2:14:Infinity":2,"s:15:0:15:Infinity":3,"s:17:25:34:Infinity":4,"f:17:31:17:Infinity":1,"s:21:2:34:Infinity":5,"s:35:0:35:Infinity":6,"s:37:25:48:Infinity":7,"f:37:31:37:Infinity":2,"s:41:2:48:Infinity":8,"s:49:0:49:Infinity":9},"fnNames":{}}}
,"C:\\Users\\Asus\\Downloads\\Arena Intelligence\\src\\components\\ui\\alert-dialog.tsx": {"path":"C:\\Users\\Asus\\Downloads\\Arena Intelligence\\src\\components\\ui\\alert-dialog.tsx","statementMap":{"0":{"start":{"line":7,"column":20},"end":{"line":7,"column":null}},"1":{"start":{"line":9,"column":27},"end":{"line":9,"column":null}},"2":{"start":{"line":11,"column":26},"end":{"line":11,"column":null}},"3":{"start":{"line":13,"column":27},"end":{"line":25,"column":null}},"4":{"start":{"line":17,"column":2},"end":{"line":25,"column":null}},"5":{"start":{"line":26,"column":0},"end":{"line":26,"column":null}},"6":{"start":{"line":28,"column":27},"end":{"line":43,"column":null}},"7":{"start":{"line":32,"column":2},"end":{"line":43,"column":null}},"8":{"start":{"line":44,"column":0},"end":{"line":44,"column":null}},"9":{"start":{"line":46,"column":6},"end":{"line":47,"column":null}},"10":{"start":{"line":47,"column":2},"end":{"line":47,"column":null}},"11":{"start":{"line":49,"column":0},"end":{"line":49,"column":null}},"12":{"start":{"line":51,"column":6},"end":{"line":55,"column":null}},"13":{"start":{"line":52,"column":2},"end":{"line":55,"column":null}},"14":{"start":{"line":57,"column":0},"end":{"line":57,"column":null}},"15":{"start":{"line":59,"column":25},"end":{"line":68,"column":null}},"16":{"start":{"line":63,"column":2},"end":{"line":68,"column":null}},"17":{"start":{"line":69,"column":0},"end":{"line":69,"column":null}},"18":{"start":{"line":71,"column":31},"end":{"line":80,"column":null}},"19":{"start":{"line":75,"column":2},"end":{"line":80,"column":null}},"20":{"start":{"line":81,"column":0},"end":{"line":81,"column":null}},"21":{"start":{"line":83,"column":26},"end":{"line":88,"column":null}},"22":{"start":{"line":87,"column":2},"end":{"line":88,"column":null}},"23":{"start":{"line":89,"column":0},"end":{"line":89,"column":null}},"24":{"start":{"line":91,"column":26},"end":{"line":100,"column":null}},"25":{"start":{"line":95,"column":2},"end":{"line":100,"column":null}},"26":{"start":{"line":101,"column":0},"end":{"line":101,"column":null}}},"fnMap":{"0":{"name":"(anonymous_0)","decl":{"start":{"line":13,"column":33},"end":{"line":13,"column":null}},"loc":{"start":{"line":17,"column":2},"end":{"line":25,"column":null}},"line":17},"1":{"name":"(anonymous_1)","decl":{"start":{"line":28,"column":33},"end":{"line":28,"column":null}},"loc":{"start":{"line":32,"column":2},"end":{"line":43,"column":null}},"line":32},"2":{"name":"(anonymous_2)","decl":{"start":{"line":46,"column":6},"end":{"line":46,"column":27}},"loc":{"start":{"line":47,"column":2},"end":{"line":47,"column":null}},"line":47},"3":{"name":"(anonymous_3)","decl":{"start":{"line":51,"column":6},"end":{"line":51,"column":27}},"loc":{"start":{"line":52,"column":2},"end":{"line":55,"column":null}},"line":52},"4":{"name":"(anonymous_4)","decl":{"start":{"line":59,"column":31},"end":{"line":59,"column":null}},"loc":{"start":{"line":63,"column":2},"end":{"line":68,"column":null}},"line":63},"5":{"name":"(anonymous_5)","decl":{"start":{"line":71,"column":37},"end":{"line":71,"column":null}},"loc":{"start":{"line":75,"column":2},"end":{"line":80,"column":null}},"line":75},"6":{"name":"(anonymous_6)","decl":{"start":{"line":83,"column":32},"end":{"line":83,"column":null}},"loc":{"start":{"line":87,"column":2},"end":{"line":88,"column":null}},"line":87},"7":{"name":"(anonymous_7)","decl":{"start":{"line":91,"column":32},"end":{"line":91,"column":null}},"loc":{"start":{"line":95,"column":2},"end":{"line":100,"column":null}},"line":95}},"branchMap":{},"s":{"0":0,"1":0,"2":0,"3":0,"4":0,"5":0,"6":0,"7":0,"8":0,"9":0,"10":0,"11":0,"12":0,"13":0,"14":0,"15":0,"16":0,"17":0,"18":0,"19":0,"20":0,"21":0,"22":0,"23":0,"24":0,"25":0,"26":0},"f":{"0":0,"1":0,"2":0,"3":0,"4":0,"5":0,"6":0,"7":0},"b":{},"meta":{"lastBranch":0,"lastFunction":8,"lastStatement":27,"seen":{"s:7:20:7:Infinity":0,"s:9:27:9:Infinity":1,"s:11:26:11:Infinity":2,"s:13:27:25:Infinity":3,"f:13:33:13:Infinity":0,"s:17:2:25:Infinity":4,"s:26:0:26:Infinity":5,"s:28:27:43:Infinity":6,"f:28:33:28:Infinity":1,"s:32:2:43:Infinity":7,"s:44:0:44:Infinity":8,"s:46:6:47:Infinity":9,"f:46:6:46:27":2,"s:47:2:47:Infinity":10,"s:49:0:49:Infinity":11,"s:51:6:55:Infinity":12,"f:51:6:51:27":3,"s:52:2:55:Infinity":13,"s:57:0:57:Infinity":14,"s:59:25:68:Infinity":15,"f:59:31:59:Infinity":4,"s:63:2:68:Infinity":16,"s:69:0:69:Infinity":17,"s:71:31:80:Infinity":18,"f:71:37:71:Infinity":5,"s:75:2:80:Infinity":19,"s:81:0:81:Infinity":20,"s:83:26:88:Infinity":21,"f:83:32:83:Infinity":6,"s:87:2:88:Infinity":22,"s:89:0:89:Infinity":23,"s:91:26:100:Infinity":24,"f:91:32:91:Infinity":7,"s:95:2:100:Infinity":25,"s:101:0:101:Infinity":26},"fnNames":{}}}
,"C:\\Users\\Asus\\Downloads\\Arena Intelligence\\src\\components\\ui\\alert.tsx": {"path":"C:\\Users\\Asus\\Downloads\\Arena Intelligence\\src\\components\\ui\\alert.tsx","statementMap":{"0":{"start":{"line":6,"column":6},"end":{"line":20,"column":null}},"1":{"start":{"line":22,"column":14},"end":{"line":27,"column":null}},"2":{"start":{"line":26,"column":2},"end":{"line":27,"column":null}},"3":{"start":{"line":28,"column":0},"end":{"line":28,"column":null}},"4":{"start":{"line":30,"column":19},"end":{"line":38,"column":null}},"5":{"start":{"line":32,"column":4},"end":{"line":38,"column":null}},"6":{"start":{"line":39,"column":0},"end":{"line":39,"column":null}},"7":{"start":{"line":41,"column":25},"end":{"line":46,"column":null}},"8":{"start":{"line":45,"column":2},"end":{"line":46,"column":null}},"9":{"start":{"line":47,"column":0},"end":{"line":47,"column":null}}},"fnMap":{"0":{"name":"(anonymous_0)","decl":{"start":{"line":22,"column":20},"end":{"line":22,"column":null}},"loc":{"start":{"line":26,"column":2},"end":{"line":27,"column":null}},"line":26},"1":{"name":"(anonymous_1)","decl":{"start":{"line":30,"column":25},"end":{"line":30,"column":null}},"loc":{"start":{"line":32,"column":4},"end":{"line":38,"column":null}},"line":32},"2":{"name":"(anonymous_2)","decl":{"start":{"line":41,"column":31},"end":{"line":41,"column":null}},"loc":{"start":{"line":45,"column":2},"end":{"line":46,"column":null}},"line":45}},"branchMap":{},"s":{"0":0,"1":0,"2":0,"3":0,"4":0,"5":0,"6":0,"7":0,"8":0,"9":0},"f":{"0":0,"1":0,"2":0},"b":{},"meta":{"lastBranch":0,"lastFunction":3,"lastStatement":10,"seen":{"s:6:6:20:Infinity":0,"s:22:14:27:Infinity":1,"f:22:20:22:Infinity":0,"s:26:2:27:Infinity":2,"s:28:0:28:Infinity":3,"s:30:19:38:Infinity":4,"f:30:25:30:Infinity":1,"s:32:4:38:Infinity":5,"s:39:0:39:Infinity":6,"s:41:25:46:Infinity":7,"f:41:31:41:Infinity":2,"s:45:2:46:Infinity":8,"s:47:0:47:Infinity":9},"fnNames":{}}}
,"C:\\Users\\Asus\\Downloads\\Arena Intelligence\\src\\components\\ui\\aspect-ratio.tsx": {"path":"C:\\Users\\Asus\\Downloads\\Arena Intelligence\\src\\components\\ui\\aspect-ratio.tsx","statementMap":{"0":{"start":{"line":3,"column":20},"end":{"line":3,"column":null}}},"fnMap":{},"branchMap":{},"s":{"0":0},"f":{},"b":{},"meta":{"lastBranch":0,"lastFunction":0,"lastStatement":1,"seen":{"s:3:20:3:Infinity":0},"fnNames":{}}}
[...]
08,"column":null}},"22":{"start":{"line":209,"column":44},"end":{"line":209,"column":null}},"23":{"start":{"line":344,"column":16},"end":{"line":356,"column":null}},"24":{"start":{"line":380,"column":17},"end":{"line":384,"column":null}},"25":{"start":{"line":386,"column":2},"end":{"line":408,"column":null}}},"fnMap":{"0":{"name":"(anonymous_0)","decl":{"start":{"line":26,"column":2},"end":{"line":26,"column":15}},"loc":{"start":{"line":26,"column":15},"end":{"line":28,"column":null}},"line":26},"1":{"name":"Security","decl":{"start":{"line":48,"column":9},"end":{"line":48,"column":20}},"loc":{"start":{"line":48,"column":20},"end":{"line":364,"column":null}},"line":48},"2":{"name":"(anonymous_2)","decl":{"start":{"line":52,"column":2},"end":{"line":52,"column":18}},"loc":{"start":{"line":52,"column":18},"end":{"line":61,"column":5}},"line":52},"3":{"name":"handleClearRole","decl":{"start":{"line":63,"column":11},"end":{"line":63,"column":29}},"loc":{"start":{"line":63,"column":29},"end":{"line":66,"column":null}},"line":63},"4":{"name":"(anonymous_4)","decl":{"start":{"line":122,"column":31},"end":{"line":122,"column":39}},"loc":{"start":{"line":122,"column":45},"end":{"line":122,"column":66}},"line":122},"5":{"name":"(anonymous_5)","decl":{"start":{"line":127,"column":27},"end":{"line":127,"column":32}},"loc":{"start":{"line":128,"column":16},"end":{"line":170,"column":null}},"line":128},"6":{"name":"(anonymous_6)","decl":{"start":{"line":203,"column":27},"end":{"line":203,"column":32}},"loc":{"start":{"line":204,"column":20},"end":{"line":247,"column":null}},"line":204},"7":{"name":"(anonymous_7)","decl":{"start":{"line":208,"column":22},"end":{"line":208,"column":37}},"loc":{"start":{"line":208,"column":44},"end":{"line":208,"column":null}},"line":208},"8":{"name":"(anonymous_8)","decl":{"start":{"line":209,"column":22},"end":{"line":209,"column":37}},"loc":{"start":{"line":209,"column":44},"end":{"line":209,"column":null}},"line":209},"9":{"name":"(anonymous_9)","decl":{"start":{"line":343,"column":16},"end":{"line":343,"column":21}},"loc":{"start":{"line":344,"column":16},"end":{"line":356,"column":null}},"line":344},"10":{"name":"SecurityKPI","decl":{"start":{"line":367,"column":9},"end":{"line":367,"column":21}},"loc":{"start":{"line":379,"column":3},"end":{"line":410,"column":null}},"line":379}},"branchMap":{"0":{"loc":{"start":{"line":57,"column":6},"end":{"line":58,"column":null}},"type":"if","locations":[{"start":{"line":57,"column":6},"end":{"line":58,"column":null}},{"start":{},"end":{}}],"line":57},"1":{"loc":{"start":{"line":136,"column":41},"end":{"line":136,"column":null}},"type":"cond-expr","locations":[{"start":{"line":136,"column":68},"end":{"line":136,"column":93}},{"start":{"line":136,"column":93},"end":{"line":136,"column":null}}],"line":136},"2":{"loc":{"start":{"line":157,"column":36},"end":{"line":157,"column":null}},"type":"cond-expr","locations":[{"start":{"line":157,"column":62},"end":{"line":157,"column":88}},{"start":{"line":157,"column":88},"end":{"line":157,"column":null}}],"line":157},"3":{"loc":{"start":{"line":158,"column":45},"end":{"line":158,"column":null}},"type":"cond-expr","locations":[{"start":{"line":158,"column":71},"end":{"line":158,"column":97}},{"start":{"line":158,"column":97},"end":{"line":158,"column":null}}],"line":158},"4":{"loc":{"start":{"line":159,"column":31},"end":{"line":159,"column":null}},"type":"cond-expr","locations":[{"start":{"line":159,"column":57},"end":{"line":159,"column":69}},{"start":{"line":159,"column":69},"end":{"line":159,"column":null}}],"line":159},"5":{"loc":{"start":{"line":162,"column":23},"end":{"line":162,"column":null}},"type":"cond-expr","locations":[{"start":{"line":162,"column":49},"end":{"line":162,"column":58}},{"start":{"line":162,"column":58},"end":{"line":162,"column":null}}],"line":162},"6":{"loc":{"start":{"line":207,"column":45},"end":{"line":207,"column":108}},"type":"cond-expr","locations":[{"start":{"line":207,"column":70},"end":{"line":207,"column":101}},{"start":{"line":207,"column":101},"end":{"line":207,"column":108}}],"line":207},"7":{"loc":{"start":{"line":221,"column":30},"end":{"line":225,"column":null}},"type":"cond-expr","locations":[{"start":{"line":222,"column":34},"end":{"line":222,"column":null}},{"start":{"line":223,"column":34},"end":{"line":225,"column":null}}],"line":221},"8":{"loc":{"start":{"line":223,"column":34},"end":{"line":225,"column":null}},"type":"cond-expr","locations":[{"start":{"line":224,"column":34},"end":{"line":224,"column":null}},{"start":{"line":225,"column":34},"end":{"line":225,"column":null}}],"line":223},"9":{"loc":{"start":{"line":227,"column":30},"end":{"line":231,"column":null}},"type":"cond-expr","locations":[{"start":{"line":228,"column":34},"end":{"line":228,"column":null}},{"start":{"line":229,"column":34},"end":{"line":231,"column":null}}],"line":227},"10":{"loc":{"start":{"line":229,"column":34},"end":{"line":231,"column":null}},"type":"cond-expr","locations":[{"start":{"line":230,"column":34},"end":{"line":230,"column":null}},{"start":{"line":231,"column":34},"end":{"line":231,"column":null}}],"line":229},"11":{"loc":{"start":{"line":234,"column":30},"end":{"line":238,"column":null}},"type":"cond-expr","locations":[{"start":{"line":235,"column":34},"end":{"line":235,"column":null}},{"start":{"line":236,"column":34},"end":{"line":238,"column":null}}],"line":234},"12":{"loc":{"start":{"line":236,"column":34},"end":{"line":238,"column":null}},"type":"cond-expr","locations":[{"start":{"line":237,"column":34},"end":{"line":237,"column":null}},{"start":{"line":238,"column":34},"end":{"line":238,"column":null}}],"line":236},"13":{"loc":{"start":{"line":244,"column":93},"end":{"line":244,"column":131}},"type":"cond-expr","locations":[{"start":{"line":244,"column":109},"end":{"line":244,"column":121}},{"start":{"line":244,"column":121},"end":{"line":244,"column":131}}],"line":244},"14":{"loc":{"start":{"line":349,"column":34},"end":{"line":349,"column":null}},"type":"cond-expr","locations":[{"start":{"line":349,"column":58},"end":{"line":349,"column":84}},{"start":{"line":349,"column":84},"end":{"line":349,"column":null}}],"line":349},"15":{"loc":{"start":{"line":350,"column":43},"end":{"line":350,"column":null}},"type":"cond-expr","locations":[{"start":{"line":350,"column":67},"end":{"line":350,"column":93}},{"start":{"line":350,"column":93},"end":{"line":350,"column":null}}],"line":350},"16":{"loc":{"start":{"line":351,"column":29},"end":{"line":351,"column":null}},"type":"cond-expr","locations":[{"start":{"line":351,"column":53},"end":{"line":351,"column":65}},{"start":{"line":351,"column":65},"end":{"line":351,"column":null}}],"line":351}},"s":{"0":0,"1":0,"2":0,"3":0,"4":0,"5":0,"6":0,"7":0,"8":0,"9":0,"10":0,"11":0,"12":0,"13":0,"14":0,"15":0,"16":0,"17":0,"18":0,"19":0,"20":0,"21":0,"22":0,"23":0,"24":0,"25":0},"f":{"0":0,"1":0,"2":0,"3":0,"4":0,"5":0,"6":0,"7":0,"8":0,"9":0,"10":0},"b":{"0":[0,0],"1":[0,0],"2":[0,0],"3":[0,0],"4":[0,0],"5":[0,0],"6":[0,0],"7":[0,0],"8":[0,0],"9":[0,0],"10":[0,0],"11":[0,0],"12":[0,0],"13":[0,0],"14":[0,0],"15":[0,0],"16":[0,0]},"meta":{"lastBranch":17,"lastFunction":11,"lastStatement":26,"seen":{"s:25:13:30:Infinity":0,"f:26:2:26:15":0,"s:26:15:28:Infinity":1,"s:32:20:39:Infinity":2,"s:41:16:46:Infinity":3,"f:48:9:48:20":1,"s:49:15:49:Infinity":4,"s:50:18:50:Infinity":5,"s:52:2:61:Infinity":6,"f:52:2:52:18":2,"s:53:14:53:Infinity":7,"s:54:24:54:Infinity":8,"s:55:4:59:Infinity":9,"s:55:17:55:20":10,"s:56:16:56:Infinity":11,"b:57:6:58:Infinity:undefined:undefined:undefined:undefined":0,"s:57:6:58:Infinity":12,"s:58:8:58:Infinity":13,"s:60:4:60:Infinity":14,"f:63:11:63:29":3,"s:64:4:64:Infinity":15,"s:65:4:65:Infinity":16,"s:68:2:362:Infinity":17,"f:122:31:122:39":4,"s:122:45:122:66":18,"f:127:27:127:32":5,"s:128:16:170:Infinity":19,"b:136:68:136:93:136:93:136:Infinity":1,"b:157:62:157:88:157:88:157:Infinity":2,"b:158:71:158:97:158:97:158:Infinity":3,"b:159:57:159:69:159:69:159:Infinity":4,"b:162:49:162:58:162:58:162:Infinity":5,"f:203:27:203:32":6,"s:204:20:247:Infinity":20,"b:207:70:207:101:207:101:207:108":6,"f:208:22:208:37":7,"s:208:44:208:Infinity":21,"f:209:22:209:37":8,"s:209:44:209:Infinity":22,"b:222:34:222:Infinity:223:34:225:Infinity":7,"b:224:34:224:Infinity:225:34:225:Infinity":8,"b:228:34:228:Infinity:229:34:231:Infinity":9,"b:230:34:230:Infinity:231:34:231:Infinity":10,"b:235:34:235:Infinity:236:34:238:Infinity":11,"b:237:34:237:Infinity:238:34:238:Infinity":12,"b:244:109:244:121:244:121:244:131":13,"f:343:16:343:21":9,"s:344:16:356:Infinity":23,"b:349:58:349:84:349:84:349:Infinity":14,"b:350:67:350:93:350:93:350:Infinity":15,"b:351:53:351:65:351:65:351:Infinity":16,"f:367:9:367:21":10,"s:380:17:384:Infinity":24,"s:386:2:408:Infinity":25},"fnNames":{}}}
,"C:\\Users\\Asus\\Downloads\\Arena Intelligence\\src\\routes\\tournament.tsx": {"path":"C:\\Users\\Asus\\Downloads\\Arena Intelligence\\src\\routes\\tournament.tsx","statementMap":{"0":{"start":{"line":8,"column":13},"end":{"line":16,"column":null}},"1":{"start":{"line":9,"column":15},"end":{"line":14,"column":null}},"2":{"start":{"line":18,"column":13},"end":{"line":18,"column":null}},"3":{"start":{"line":21,"column":14},"end":{"line":21,"column":null}},"4":{"start":{"line":23,"column":2},"end":{"line":266,"column":null}},"5":{"start":{"line":31,"column":10},"end":{"line":46,"column":null}},"6":{"start":{"line":33,"column":27},"end":{"line":33,"column":null}},"7":{"start":{"line":64,"column":14},"end":{"line":103,"column":null}},"8":{"start":{"line":68,"column":38},"end":{"line":68,"column":null}},"9":{"start":{"line":69,"column":38},"end":{"line":69,"column":null}},"10":{"start":{"line":120,"column":18},"end":{"line":126,"column":null}},"11":{"start":{"line":132,"column":16},"end":{"line":164,"column":null}},"12":{"start":{"line":136,"column":40},"end":{"line":136,"column":null}},"13":{"start":{"line":137,"column":40},"end":{"line":137,"column":null}},"14":{"start":{"line":175,"column":34},"end":{"line":175,"column":53}},"15":{"start":{"line":176,"column":12},"end":{"line":213,"column":null}},"16":{"start":{"line":241,"column":14},"end":{"line":255,"column":null}},"17":{"start":{"line":252,"column":35},"end":{"line":252,"column":null}},"18":{"start":{"line":253,"column":34},"end":{"line":253,"column":null}}},"fnMap":{"0":{"name":"(anonymous_0)","decl":{"start":{"line":9,"column":2},"end":{"line":9,"column":15}},"loc":{"start":{"line":9,"column":15},"end":{"line":14,"column":null}},"line":9},"1":{"name":"Tournament","decl":{"start":{"line":20,"column":9},"end":{"line":20,"column":22}},"loc":{"start":{"line":20,"column":22},"end":{"line":268,"column":null}},"line":20},"2":{"name":"(anonymous_2)","decl":{"start":{"line":30,"column":14},"end":{"line":30,"column":19}},"loc":{"start":{"line":31,"column":10},"end":{"line":46,"column":null}},"line":31},"3":{"name":"(anonymous_3)","decl":{"start":{"line":33,"column":12},"end":{"line":33,"column":27}},"loc":{"start":{"line":33,"column":27},"end":{"line":33,"column":null}},"line":33},"4":{"name":"(anonymous_4)","decl":{"start":{"line":63,"column":22},"end":{"line":63,"column":27}},"loc":{"start":{"line":64,"column":14},"end":{"line":103,"column":null}},"line":64},"5":{"name":"(anonymous_5)","decl":{"start":{"line":68,"column":16},"end":{"line":68,"column":31}},"loc":{"start":{"line":68,"column":38},"end":{"line":68,"column":null}},"line":68},"6":{"name":"(anonymous_6)","decl":{"start":{"line":69,"column":16},"end":{"line":69,"column":31}},"loc":{"start":{"line":69,"column":38},"end":{"line":69,"column":null}},"line":69},"7":{"name":"(anonymous_7)","decl":{"start":{"line":119,"column":58},"end":{"line":119,"column":63}},"loc":{"start":{"line":120,"column":18},"end":{"line":126,"column":null}},"line":120},"8":{"name":"(anonymous_8)","decl":{"start":{"line":131,"column":27},"end":{"line":131,"column":32}},"loc":{"start":{"line":132,"column":16},"end":{"line":164,"column":null}},"line":132},"9":{"name":"(anonymous_9)","decl":{"start":{"line":136,"column":18},"end":{"line":136,"column":33}},"loc":{"start":{"line":136,"column":40},"end":{"line":136,"column":null}},"line":136},"10":{"name":"(anonymous_10)","decl":{"start":{"line":137,"column":18},"end":{"line":137,"column":33}},"loc":{"start":{"line":137,"column":40},"end":{"line":137,"column":null}},"line":137},"11":{"name":"(anonymous_11)","decl":{"start":{"line":175,"column":20},"end":{"line":175,"column":28}},"loc":{"start":{"line":175,"column":34},"end":{"line":175,"column":53}},"line":175},"12":{"name":"(anonymous_12)","decl":{"start":{"line":175,"column":55},"end":{"line":175,"column":60}},"loc":{"start":{"line":176,"column":12},"end":{"line":213,"column":null}},"line":176},"13":{"name":"(anonymous_13)","decl":{"start":{"line":240,"column":14},"end":{"line":240,"column":19}},"loc":{"start":{"line":241,"column":14},"end":{"line":255,"column":null}},"line":241},"14":{"name":"(anonymous_14)","decl":{"start":{"line":252,"column":18},"end":{"line":252,"column":28}},"loc":{"start":{"line":252,"column":35},"end":{"line":252,"column":null}},"line":252},"15":{"name":"(anonymous_15)","decl":{"start":{"line":253,"column":18},"end":{"line":253,"column":27}},"loc":{"start":{"line":253,"column":34},"end":{"line":253,"column":null}},"line":253}},"branchMap":{"0":{"loc":{"start":{"line":36,"column":14},"end":{"line":42,"column":null}},"type":"cond-expr","locations":[{"start":{"line":37,"column":18},"end":{"line":41,"column":null}},{"start":{"line":42,"column":18},"end":{"line":42,"column":null}}],"line":36},"1":{"loc":{"start":{"line":45,"column":13},"end":{"line":45,"column":null}},"type":"cond-expr","locations":[{"start":{"line":45,"column":32},"end":{"line":45,"column":54}},{"start":{"line":45,"column":54},"end":{"line":45,"column":null}}],"line":45},"2":{"loc":{"start":{"line":45,"column":54},"end":{"line":45,"column":null}},"type":"cond-expr","locations":[{"start":{"line":45,"column":69},"end":{"line":45,"column":85}},{"start":{"line":45,"column":85},"end":{"line":45,"column":null}}],"line":45},"3":{"loc":{"start":{"line":51,"column":7},"end":{"line":106,"column":null}},"type":"binary-expr","locations":[{"start":{"line":51,"column":7},"end":{"line":51,"column":null}},{"start":{"line":52,"column":8},"end":{"line":106,"column":null}}],"line":51},"4":{"loc":{"start":{"line":67,"column":39},"end":{"line":67,"column":103}},"type":"cond-expr","locations":[{"start":{"line":67,"column":65},"end":{"line":67,"column":96}},{"start":{"line":67,"column":96},"end":{"line":67,"column":103}}],"line":67},"5":{"loc":{"start":{"line":78,"column":21},"end":{"line":85,"column":21}},"type":"cond-expr","locations":[{"start":{"line":79,"column":22},"end":{"line":83,"column":23}},{"start":{"line":83,"column":22},"end":{"line":85,"column":21}}],"line":78},"6":{"loc":{"start":{"line":93,"column":22},"end":{"line":97,"column":null}},"type":"cond-expr","locations":[{"start":{"line":94,"column":26},"end":{"line":94,"column":null}},{"start":{"line":95,"column":26},"end":{"line":97,"column":null}}],"line":93},"7":{"loc":{"start":{"line":95,"column":26},"end":{"line":97,"column":null}},"type":"cond-expr","locations":[{"start":{"line":96,"column":26},"end":{"line":96,"column":null}},{"start":{"line":97,"column":26},"end":{"line":97,"column":null}}],"line":95},"8":{"loc":{"start":{"line":110,"column":7},"end":{"line":169,"column":null}},"type":"binary-expr","locations":[{"start":{"line":110,"column":7},"end":{"line":110,"column":null}},{"start":{"line":111,"column":8},"end":{"line":169,"column":null}}],"line":110},"9":{"loc":{"start":{"line":122,"column":94},"end":{"line":122,"column":null}},"type":"cond-expr","locations":[{"start":{"line":122,"column":173},"end":{"line":122,"column":189}},{"start":{"line":122,"column":189},"end":{"line":122,"column":null}}],"line":122},"10":{"loc":{"start":{"line":122,"column":94},"end":{"line":122,"column":173}},"type":"binary-expr","locations":[{"start":{"line":122,"column":94},"end":{"line":122,"column":107}},{"start":{"line":122,"column":107},"end":{"line":122,"column":120}},{"start":{"line":122,"column":120},"end":{"line":122,"column":133}},{"start":{"line":122,"column":133},"end":{"line":122,"column":146}},{"start":{"line":122,"column":146},"end":{"line":122,"column":159}},{"start":{"line":122,"column":159},"end":{"line":122,"column":173}}],"line":122},"11":{"loc":{"start":{"line":135,"column":41},"end":{"line":135,"column":108}},"type":"cond-expr","locations":[{"start":{"line":135,"column":70},"end":{"line":135,"column":101}},{"start":{"line":135,"column":101},"end":{"line":135,"column":108}}],"line":135},"12":{"loc":{"start":{"line":143,"column":24},"end":{"line":147,"column":null}},"type":"cond-expr","locations":[{"start":{"line":144,"column":28},"end":{"line":144,"column":null}},{"start":{"line":145,"column":28},"end":{"line":147,"column":null}}],"line":143},"13":{"loc":{"start":{"line":145,"column":28},"end":{"line":147,"column":null}},"type":"cond-expr","locations":[{"start":{"line":146,"column":28},"end":{"line":146,"column":null}},{"start":{"line":147,"column":28},"end":{"line":147,"column":null}}],"line":145},"14":{"loc":{"start":{"line":155,"column":23},"end":{"line":156,"column":25}},"type":"binary-expr","locations":[{"start":{"line":155,"column":23},"end":{"line":155,"column":39}},{"start":{"line":155,"column":39},"end":{"line":156,"column":25}}],"line":155},"15":{"loc":{"start":{"line":173,"column":7},"end":{"line":215,"column":null}},"type":"binary-expr","locations":[{"start":{"line":173,"column":7},"end":{"line":173,"column":null}},{"start":{"line":174,"column":8},"end":{"line":215,"column":null}}],"line":173},"16":{"loc":{"start":{"line":219,"column":7},"end":{"line":264,"column":null}},"type":"binary-expr","locations":[{"start":{"line":219,"column":7},"end":{"line":219,"column":null}},{"start":{"line":220,"column":8},"end":{"line":264,"column":null}}],"line":219}},"s":{"0":0,"1":0,"2":0,"3":0,"4":0,"5":0,"6":0,"7":0,"8":0,"9":0,"10":0,"11":0,"12":0,"13":0,"14":0,"15":0,"16":0,"17":0,"18":0},"f":{"0":0,"1":0,"2":0,"3":0,"4":0,"5":0,"6":0,"7":0,"8":0,"9":0,"10":0,"11":0,"12":0,"13":0,"14":0,"15":0},"b":{"0":[0,0],"1":[0,0],"2":[0,0],"3":[0,0],"4":[0,0],"5":[0,0],"6":[0,0],"7":[0,0],"8":[0,0],"9":[0,0],"10":[0,0,0,0,0,0],"11":[0,0],"12":[0,0],"13":[0,0],"14":[0,0],"15":[0,0],"16":[0,0]},"meta":{"lastBranch":17,"lastFunction":16,"lastStatement":19,"seen":{"s:8:13:16:Infinity":0,"f:9:2:9:15":0,"s:9:15:14:Infinity":1,"s:18:13:18:Infinity":2,"f:20:9:20:22":1,"s:21:14:21:Infinity":3,"s:23:2:266:Infinity":4,"f:30:14:30:19":2,"s:31:10:46:Infinity":5,"f:33:12:33:27":3,"s:33:27:33:Infinity":6,"b:37:18:41:Infinity:42:18:42:Infinity":0,"b:45:32:45:54:45:54:45:Infinity":1,"b:45:69:45:85:45:85:45:Infinity":2,"b:51:7:51:Infinity:52:8:106:Infinity":3,"f:63:22:63:27":4,"s:64:14:103:Infinity":7,"b:67:65:67:96:67:96:67:103":4,"f:68:16:68:31":5,"s:68:38:68:Infinity":8,"f:69:16:69:31":6,"s:69:38:69:Infinity":9,"b:79:22:83:23:83:22:85:21":5,"b:94:26:94:Infinity:95:26:97:Infinity":6,"b:96:26:96:Infinity:97:26:97:Infinity":7,"b:110:7:110:Infinity:111:8:169:Infinity":8,"f:119:58:119:63":7,"s:120:18:126:Infinity":10,"b:122:173:122:189:122:189:122:Infinity":9,"b:122:94:122:107:122:107:122:120:122:120:122:133:122:133:122:146:122:146:122:159:122:159:122:173":10,"f:131:27:131:32":8,"s:132:16:164:Infinity":11,"b:135:70:135:101:135:101:135:108":11,"f:136:18:136:33":9,"s:136:40:136:Infinity":12,"f:137:18:137:33":10,"s:137:40:137:Infinity":13,"b:144:28:144:Infinity:145:28:147:Infinity":12,"b:146:28:146:Infinity:147:28:147:Infinity":13,"b:155:23:155:39:155:39:156:25":14,"b:173:7:173:Infinity:174:8:215:Infinity":15,"f:175:20:175:28":11,"s:175:34:175:53":14,"f:175:55:175:60":12,"s:176:12:213:Infinity":15,"b:219:7:219:Infinity:220:8:264:Infinity":16,"f:240:14:240:19":13,"s:241:14:255:Infinity":16,"f:252:18:252:28":14,"s:252:35:252:Infinity":17,"f:253:18:253:27":15,"s:253:34:253:Infinity":18},"fnNames":{}}}
}
